Start testing: Oct 22 16:08 Eastern Daylight Time
----------------------------------------------------------
1/1 Testing: WEB_ATF_Test
1/1 Test: WEB_ATF_Test
Command: "C:/CMake 2.8/bin/cmake.exe" "-P" "C:/projects/Web-Automation-Testing-Framework/binC/Testing/execution/WEB_ATF_Test.cmake"
Directory: C:/projects/Web-Automation-Testing-Framework/binC/Testing/execution
"WEB_ATF_Test" start time: Oct 22 16:08 Eastern Daylight Time
Output:
----------------------------------------------------------
-- Running tests... 
16:08:33,660 |-INFO in ch.qos.logback.classic.LoggerContext[default] - Could NOT find resource [logback.groovy]
16:08:33,660 |-INFO in ch.qos.logback.classic.LoggerContext[default] - Could NOT find resource [logback-test.xml]
16:08:33,660 |-INFO in ch.qos.logback.classic.LoggerContext[default] - Could NOT find resource [logback.xml]
16:08:33,661 |-INFO in ch.qos.logback.classic.LoggerContext[default] - Setting up default configuration.

16:08:33.797 [main] INFO  o.a.controller.AllTestSuites - --------- Web Automation Test Suites ----------
16:08:52.034 [Forwarding newSession on session null to remote] DEBUG o.o.selenium.remote.RemoteWebDriver - Executing: newSession [null, newSession {desiredCapabilities=Capabilities [{loggingPrefs=org.openqa.selenium.logging.LoggingPreferences@d2abdbf, platform=ANY, browserName=firefox, version=}], requiredCapabilities=Capabilities [{}]}]
16:08:52.076 [Forwarding newSession on session null to remote] DEBUG o.a.h.i.c.t.ThreadSafeClientConnManager - Get connection: {}->http://127.0.0.1:7055, timeout = 120000
16:08:52.078 [Forwarding newSession on session null to remote] DEBUG o.a.h.i.conn.tsccm.ConnPoolByRoute - [{}->http://127.0.0.1:7055] total kept alive: 0, total issued: 0, total allocated: 0 out of 2000
16:08:52.078 [Forwarding newSession on session null to remote] DEBUG o.a.h.i.conn.tsccm.ConnPoolByRoute - No free connections [{}->http://127.0.0.1:7055][null]
16:08:52.078 [Forwarding newSession on session null to remote] DEBUG o.a.h.i.conn.tsccm.ConnPoolByRoute - Available capacity: 2000 out of 2000 [{}->http://127.0.0.1:7055][null]
16:08:52.078 [Forwarding newSession on session null to remote] DEBUG o.a.h.i.conn.tsccm.ConnPoolByRoute - Creating new connection [{}->http://127.0.0.1:7055]
16:08:52.089 [Forwarding newSession on session null to remote] DEBUG o.a.h.i.c.DefaultClientConnectionOperator - Connecting to 127.0.0.1:7055
16:08:52.134 [Forwarding newSession on session null to remote] DEBUG o.a.h.c.protocol.RequestAddCookies - CookieSpec selected: best-match
16:08:52.145 [Forwarding newSession on session null to remote] DEBUG o.a.h.c.protocol.RequestAuthCache - Auth cache not set in the context
16:08:52.146 [Forwarding newSession on session null to remote] DEBUG o.a.h.c.p.RequestTargetAuthentication - Target auth state: UNCHALLENGED
16:08:52.147 [Forwarding newSession on session null to remote] DEBUG o.a.h.c.p.RequestProxyAuthentication - Proxy auth state: UNCHALLENGED
16:08:52.147 [Forwarding newSession on session null to remote] DEBUG o.a.h.impl.client.DefaultHttpClient - Attempt 1 to execute request
16:08:52.148 [Forwarding newSession on session null to remote] DEBUG o.a.h.i.conn.DefaultClientConnection - Sending request: POST /hub/session HTTP/1.1
16:08:52.150 [Forwarding newSession on session null to remote] DEBUG org.apache.http.wire - >> "POST /hub/session HTTP/1.1[\r][\n]"
16:08:52.151 [Forwarding newSession on session null to remote] DEBUG org.apache.http.wire - >> "Accept: application/json, image/png[\r][\n]"
16:08:52.151 [Forwarding newSession on session null to remote] DEBUG org.apache.http.wire - >> "Content-Type: application/json; charset=utf-8[\r][\n]"
16:08:52.152 [Forwarding newSession on session null to remote] DEBUG org.apache.http.wire - >> "Content-Length: 137[\r][\n]"
16:08:52.152 [Forwarding newSession on session null to remote] DEBUG org.apache.http.wire - >> "Host: 127.0.0.1:7055[\r][\n]"
16:08:52.152 [Forwarding newSession on session null to remote] DEBUG org.apache.http.wire - >> "Connection: Keep-Alive[\r][\n]"
16:08:52.152 [Forwarding newSession on session null to remote] DEBUG org.apache.http.wire - >> "[\r][\n]"
16:08:52.156 [Forwarding newSession on session null to remote] DEBUG org.apache.http.headers - >> POST /hub/session HTTP/1.1
16:08:52.157 [Forwarding newSession on session null to remote] DEBUG org.apache.http.headers - >> Accept: application/json, image/png
16:08:52.157 [Forwarding newSession on session null to remote] DEBUG org.apache.http.headers - >> Content-Type: application/json; charset=utf-8
16:08:52.157 [Forwarding newSession on session null to remote] DEBUG org.apache.http.headers - >> Content-Length: 137
16:08:52.157 [Forwarding newSession on session null to remote] DEBUG org.apache.http.headers - >> Host: 127.0.0.1:7055
16:08:52.157 [Forwarding newSession on session null to remote] DEBUG org.apache.http.headers - >> Connection: Keep-Alive
16:08:52.158 [Forwarding newSession on session null to remote] DEBUG org.apache.http.wire - >> "{"desiredCapabilities":{"loggingPrefs":{"driver":"ALL"},"platform":"ANY","browserName":"firefox","version":""},"requiredCapabilities":{}}"
16:08:52.516 [Forwarding newSession on session null to remote] DEBUG org.apache.http.wire - << "HTTP/1.1 303 See Other[\r][\n]"
16:08:52.517 [Forwarding newSession on session null to remote] DEBUG org.apache.http.wire - << "location: http://127.0.0.1:7055/hub/session/60dae0ef-7fe4-4fac-8da6-ad5469404be3[\r][\n]"
16:08:52.518 [Forwarding newSession on session null to remote] DEBUG org.apache.http.wire - << "connection: close[\r][\n]"
16:08:52.518 [Forwarding newSession on session null to remote] DEBUG org.apache.http.wire - << "content-length: 0[\r][\n]"
16:08:52.518 [Forwarding newSession on session null to remote] DEBUG org.apache.http.wire - << "server: httpd.js[\r][\n]"
16:08:52.518 [Forwarding newSession on session null to remote] DEBUG org.apache.http.wire - << "date: Tue, 22 Oct 2013 20:08:52 GMT[\r][\n]"
16:08:52.518 [Forwarding newSession on session null to remote] DEBUG org.apache.http.wire - << "[\r][\n]"
16:08:52.520 [Forwarding newSession on session null to remote] DEBUG o.a.h.i.conn.DefaultClientConnection - Receiving response: HTTP/1.1 303 See Other
16:08:52.520 [Forwarding newSession on session null to remote] DEBUG org.apache.http.headers - << HTTP/1.1 303 See Other
16:08:52.520 [Forwarding newSession on session null to remote] DEBUG org.apache.http.headers - << location: http://127.0.0.1:7055/hub/session/60dae0ef-7fe4-4fac-8da6-ad5469404be3
16:08:52.520 [Forwarding newSession on session null to remote] DEBUG org.apache.http.headers - << connection: close
16:08:52.520 [Forwarding newSession on session null to remote] DEBUG org.apache.http.headers - << content-length: 0
16:08:52.520 [Forwarding newSession on session null to remote] DEBUG org.apache.http.headers - << server: httpd.js
16:08:52.520 [Forwarding newSession on session null to remote] DEBUG org.apache.http.headers - << date: Tue, 22 Oct 2013 20:08:52 GMT
16:08:52.523 [Forwarding newSession on session null to remote] DEBUG o.a.h.i.c.DefaultRedirectStrategy - Redirect requested to location 'http://127.0.0.1:7055/hub/session/60dae0ef-7fe4-4fac-8da6-ad5469404be3'
16:08:52.524 [Forwarding newSession on session null to remote] DEBUG o.a.h.impl.client.DefaultHttpClient - Redirecting to 'http://127.0.0.1:7055/hub/session/60dae0ef-7fe4-4fac-8da6-ad5469404be3' via {}->http://127.0.0.1:7055
16:08:52.525 [Forwarding newSession on session null to remote] DEBUG o.a.h.i.conn.DefaultClientConnection - Connection 0.0.0.0:63168<->127.0.0.1:7055 closed
16:08:52.525 [Forwarding newSession on session null to remote] DEBUG o.a.h.i.c.DefaultClientConnectionOperator - Connecting to 127.0.0.1:7055
16:08:52.528 [Forwarding newSession on session null to remote] DEBUG o.a.h.c.protocol.RequestAddCookies - CookieSpec selected: best-match
16:08:52.528 [Forwarding newSession on session null to remote] DEBUG o.a.h.c.protocol.RequestAuthCache - Auth cache not set in the context
16:08:52.528 [Forwarding newSession on session null to remote] DEBUG o.a.h.c.p.RequestTargetAuthentication - Target auth state: UNCHALLENGED
16:08:52.528 [Forwarding newSession on session null to remote] DEBUG o.a.h.c.p.RequestProxyAuthentication - Proxy auth state: UNCHALLENGED
16:08:52.528 [Forwarding newSession on session null to remote] DEBUG o.a.h.impl.client.DefaultHttpClient - Attempt 2 to execute request
16:08:52.528 [Forwarding newSession on session null to remote] DEBUG o.a.h.i.conn.DefaultClientConnection - Sending request: GET /hub/session/60dae0ef-7fe4-4fac-8da6-ad5469404be3 HTTP/1.1
16:08:52.529 [Forwarding newSession on session null to remote] DEBUG org.apache.http.wire - >> "GET /hub/session/60dae0ef-7fe4-4fac-8da6-ad5469404be3 HTTP/1.1[\r][\n]"
16:08:52.529 [Forwarding newSession on session null to remote] DEBUG org.apache.http.wire - >> "Accept: application/json, image/png[\r][\n]"
16:08:52.529 [Forwarding newSession on session null to remote] DEBUG org.apache.http.wire - >> "Content-Type: application/json; charset=utf-8[\r][\n]"
16:08:52.529 [Forwarding newSession on session null to remote] DEBUG org.apache.http.wire - >> "Host: 127.0.0.1:7055[\r][\n]"
16:08:52.529 [Forwarding newSession on session null to remote] DEBUG org.apache.http.wire - >> "Connection: Keep-Alive[\r][\n]"
16:08:52.529 [Forwarding newSession on session null to remote] DEBUG org.apache.http.wire - >> "[\r][\n]"
16:08:52.530 [Forwarding newSession on session null to remote] DEBUG org.apache.http.headers - >> GET /hub/session/60dae0ef-7fe4-4fac-8da6-ad5469404be3 HTTP/1.1
16:08:52.530 [Forwarding newSession on session null to remote] DEBUG org.apache.http.headers - >> Accept: application/json, image/png
16:08:52.530 [Forwarding newSession on session null to remote] DEBUG org.apache.http.headers - >> Content-Type: application/json; charset=utf-8
16:08:52.530 [Forwarding newSession on session null to remote] DEBUG org.apache.http.headers - >> Host: 127.0.0.1:7055
16:08:52.530 [Forwarding newSession on session null to remote] DEBUG org.apache.http.headers - >> Connection: Keep-Alive
16:08:52.537 [Forwarding newSession on session null to remote] DEBUG org.apache.http.wire - << "HTTP/1.1 200 OK[\r][\n]"
16:08:52.538 [Forwarding newSession on session null to remote] DEBUG org.apache.http.wire - << "content-type: application/json; charset=UTF-8[\r][\n]"
16:08:52.538 [Forwarding newSession on session null to remote] DEBUG org.apache.http.wire - << "connection: close[\r][\n]"
16:08:52.538 [Forwarding newSession on session null to remote] DEBUG org.apache.http.wire - << "content-length: 462[\r][\n]"
16:08:52.538 [Forwarding newSession on session null to remote] DEBUG org.apache.http.wire - << "server: httpd.js[\r][\n]"
16:08:52.538 [Forwarding newSession on session null to remote] DEBUG org.apache.http.wire - << "date: Tue, 22 Oct 2013 20:08:52 GMT[\r][\n]"
16:08:52.538 [Forwarding newSession on session null to remote] DEBUG org.apache.http.wire - << "[\r][\n]"
16:08:52.538 [Forwarding newSession on session null to remote] DEBUG o.a.h.i.conn.DefaultClientConnection - Receiving response: HTTP/1.1 200 OK
16:08:52.539 [Forwarding newSession on session null to remote] DEBUG org.apache.http.headers - << HTTP/1.1 200 OK
16:08:52.539 [Forwarding newSession on session null to remote] DEBUG org.apache.http.headers - << content-type: application/json; charset=UTF-8
16:08:52.539 [Forwarding newSession on session null to remote] DEBUG org.apache.http.headers - << connection: close
16:08:52.539 [Forwarding newSession on session null to remote] DEBUG org.apache.http.headers - << content-length: 462
16:08:52.539 [Forwarding newSession on session null to remote] DEBUG org.apache.http.headers - << server: httpd.js
16:08:52.539 [Forwarding newSession on session null to remote] DEBUG org.apache.http.headers - << date: Tue, 22 Oct 2013 20:08:52 GMT
16:08:52.542 [Forwarding newSession on session null to remote] DEBUG org.apache.http.wire - << "{"name":"getSessionCapabilities","sessionId":"60dae0ef-7fe4-4fac-8da6-ad5469404be3","status":0,"value":{"cssSelectorsEnabled":true,"browserName":"firefox","handlesAlerts":true,"javascriptEnabled":true,"nativeEvents":true,"platform":"WINNT","rotatable":false,"takesScreenshot":true,"version":"22.0","webStorageEnabled":true,"applicationCacheEnabled":true,"databaseEnabled":true,"locationContextEnabled":true,"browserConnectionEnabled":true,"acceptSslCerts":true}}"
16:08:52.543 [Forwarding newSession on session null to remote] DEBUG o.a.h.i.conn.DefaultClientConnection - Connection 0.0.0.0:63169<->127.0.0.1:7055 shut down
16:08:52.543 [Forwarding newSession on session null to remote] DEBUG o.a.h.i.c.t.ThreadSafeClientConnManager - Released connection is not reusable.
16:08:52.543 [Forwarding newSession on session null to remote] DEBUG o.a.h.i.conn.tsccm.ConnPoolByRoute - Releasing connection [{}->http://127.0.0.1:7055][null]
16:08:52.544 [Forwarding newSession on session null to remote] DEBUG o.a.h.i.conn.DefaultClientConnection - Connection 0.0.0.0:63169<->127.0.0.1:7055 closed
16:08:52.544 [Forwarding newSession on session null to remote] DEBUG o.a.h.i.conn.tsccm.ConnPoolByRoute - Notifying no-one, there are no waiting threads
16:08:52.552 [Forwarding newSession on session null to remote] DEBUG o.o.selenium.remote.RemoteWebDriver - Executed: [null, newSession {desiredCapabilities=Capabilities [{loggingPrefs=org.openqa.selenium.logging.LoggingPreferences@d2abdbf, platform=ANY, browserName=firefox, version=}], requiredCapabilities=Capabilities [{}]}]
16:08:52.566 [Forwarding maximizeWindow on session 60dae0ef-7fe4-4fac-8da6-ad5469404be3 to remote] DEBUG o.o.selenium.remote.RemoteWebDriver - Executing: maximizeWindow [60dae0ef-7fe4-4fac-8da6-ad5469404be3, maximizeWindow {windowHandle=current}]
16:08:52.572 [Forwarding maximizeWindow on session 60dae0ef-7fe4-4fac-8da6-ad5469404be3 to remote] DEBUG o.a.h.i.c.t.ThreadSafeClientConnManager - Get connection: {}->http://127.0.0.1:7055, timeout = 120000
16:08:52.573 [Forwarding maximizeWindow on session 60dae0ef-7fe4-4fac-8da6-ad5469404be3 to remote] DEBUG o.a.h.i.conn.tsccm.ConnPoolByRoute - [{}->http://127.0.0.1:7055] total kept alive: 0, total issued: 0, total allocated: 0 out of 2000
16:08:52.573 [Forwarding maximizeWindow on session 60dae0ef-7fe4-4fac-8da6-ad5469404be3 to remote] DEBUG o.a.h.i.conn.tsccm.ConnPoolByRoute - No free connections [{}->http://127.0.0.1:7055][null]
16:08:52.573 [Forwarding maximizeWindow on session 60dae0ef-7fe4-4fac-8da6-ad5469404be3 to remote] DEBUG o.a.h.i.conn.tsccm.ConnPoolByRoute - Available capacity: 2000 out of 2000 [{}->http://127.0.0.1:7055][null]
16:08:52.573 [Forwarding maximizeWindow on session 60dae0ef-7fe4-4fac-8da6-ad5469404be3 to remote] DEBUG o.a.h.i.conn.tsccm.ConnPoolByRoute - Creating new connection [{}->http://127.0.0.1:7055]
16:08:52.573 [Forwarding maximizeWindow on session 60dae0ef-7fe4-4fac-8da6-ad5469404be3 to remote] DEBUG o.a.h.i.c.DefaultClientConnectionOperator - Connecting to 127.0.0.1:7055
16:08:52.575 [Forwarding maximizeWindow on session 60dae0ef-7fe4-4fac-8da6-ad5469404be3 to remote] DEBUG o.a.h.c.protocol.RequestAddCookies - CookieSpec selected: best-match
16:08:52.575 [Forwarding maximizeWindow on session 60dae0ef-7fe4-4fac-8da6-ad5469404be3 to remote] DEBUG o.a.h.c.protocol.RequestAuthCache - Auth cache not set in the context
16:08:52.575 [Forwarding maximizeWindow on session 60dae0ef-7fe4-4fac-8da6-ad5469404be3 to remote] DEBUG o.a.h.c.p.RequestTargetAuthentication - Target auth state: UNCHALLENGED
16:08:52.575 [Forwarding maximizeWindow on session 60dae0ef-7fe4-4fac-8da6-ad5469404be3 to remote] DEBUG o.a.h.c.p.RequestProxyAuthentication - Proxy auth state: UNCHALLENGED
16:08:52.576 [Forwarding maximizeWindow on session 60dae0ef-7fe4-4fac-8da6-ad5469404be3 to remote] DEBUG o.a.h.impl.client.DefaultHttpClient - Attempt 1 to execute request
16:08:52.576 [Forwarding maximizeWindow on session 60dae0ef-7fe4-4fac-8da6-ad5469404be3 to remote] DEBUG o.a.h.i.conn.DefaultClientConnection - Sending request: POST /hub/session/60dae0ef-7fe4-4fac-8da6-ad5469404be3/window/current/maximize HTTP/1.1
16:08:52.576 [Forwarding maximizeWindow on session 60dae0ef-7fe4-4fac-8da6-ad5469404be3 to remote] DEBUG org.apache.http.wire - >> "POST /hub/session/60dae0ef-7fe4-4fac-8da6-ad5469404be3/window/current/maximize HTTP/1.1[\r][\n]"
16:08:52.576 [Forwarding maximizeWindow on session 60dae0ef-7fe4-4fac-8da6-ad5469404be3 to remote] DEBUG org.apache.http.wire - >> "Accept: application/json, image/png[\r][\n]"
16:08:52.576 [Forwarding maximizeWindow on session 60dae0ef-7fe4-4fac-8da6-ad5469404be3 to remote] DEBUG org.apache.http.wire - >> "Content-Type: application/json; charset=utf-8[\r][\n]"
16:08:52.576 [Forwarding maximizeWindow on session 60dae0ef-7fe4-4fac-8da6-ad5469404be3 to remote] DEBUG org.apache.http.wire - >> "Content-Length: 26[\r][\n]"
16:08:52.577 [Forwarding maximizeWindow on session 60dae0ef-7fe4-4fac-8da6-ad5469404be3 to remote] DEBUG org.apache.http.wire - >> "Host: 127.0.0.1:7055[\r][\n]"
16:08:52.577 [Forwarding maximizeWindow on session 60dae0ef-7fe4-4fac-8da6-ad5469404be3 to remote] DEBUG org.apache.http.wire - >> "Connection: Keep-Alive[\r][\n]"
16:08:52.577 [Forwarding maximizeWindow on session 60dae0ef-7fe4-4fac-8da6-ad5469404be3 to remote] DEBUG org.apache.http.wire - >> "[\r][\n]"
16:08:52.577 [Forwarding maximizeWindow on session 60dae0ef-7fe4-4fac-8da6-ad5469404be3 to remote] DEBUG org.apache.http.headers - >> POST /hub/session/60dae0ef-7fe4-4fac-8da6-ad5469404be3/window/current/maximize HTTP/1.1
16:08:52.577 [Forwarding maximizeWindow on session 60dae0ef-7fe4-4fac-8da6-ad5469404be3 to remote] DEBUG org.apache.http.headers - >> Accept: application/json, image/png
16:08:52.577 [Forwarding maximizeWindow on session 60dae0ef-7fe4-4fac-8da6-ad5469404be3 to remote] DEBUG org.apache.http.headers - >> Content-Type: application/json; charset=utf-8
16:08:52.577 [Forwarding maximizeWindow on session 60dae0ef-7fe4-4fac-8da6-ad5469404be3 to remote] DEBUG org.apache.http.headers - >> Content-Length: 26
16:08:52.578 [Forwarding maximizeWindow on session 60dae0ef-7fe4-4fac-8da6-ad5469404be3 to remote] DEBUG org.apache.http.headers - >> Host: 127.0.0.1:7055
16:08:52.578 [Forwarding maximizeWindow on session 60dae0ef-7fe4-4fac-8da6-ad5469404be3 to remote] DEBUG org.apache.http.headers - >> Connection: Keep-Alive
16:08:52.578 [Forwarding maximizeWindow on session 60dae0ef-7fe4-4fac-8da6-ad5469404be3 to remote] DEBUG org.apache.http.wire - >> "{"windowHandle":"current"}"
16:08:52.644 [Forwarding maximizeWindow on session 60dae0ef-7fe4-4fac-8da6-ad5469404be3 to remote] DEBUG org.apache.http.wire - << "HTTP/1.1 200 OK[\r][\n]"
16:08:52.645 [Forwarding maximizeWindow on session 60dae0ef-7fe4-4fac-8da6-ad5469404be3 to remote] DEBUG org.apache.http.wire - << "content-type: application/json; charset=UTF-8[\r][\n]"
16:08:52.646 [Forwarding maximizeWindow on session 60dae0ef-7fe4-4fac-8da6-ad5469404be3 to remote] DEBUG org.apache.http.wire - << "connection: close[\r][\n]"
16:08:52.646 [Forwarding maximizeWindow on session 60dae0ef-7fe4-4fac-8da6-ad5469404be3 to remote] DEBUG org.apache.http.wire - << "content-length: 98[\r][\n]"
16:08:52.646 [Forwarding maximizeWindow on session 60dae0ef-7fe4-4fac-8da6-ad5469404be3 to remote] DEBUG org.apache.http.wire - << "server: httpd.js[\r][\n]"
16:08:52.647 [Forwarding maximizeWindow on session 60dae0ef-7fe4-4fac-8da6-ad5469404be3 to remote] DEBUG org.apache.http.wire - << "date: Tue, 22 Oct 2013 20:08:52 GMT[\r][\n]"
16:08:52.647 [Forwarding maximizeWindow on session 60dae0ef-7fe4-4fac-8da6-ad5469404be3 to remote] DEBUG org.apache.http.wire - << "[\r][\n]"
16:08:52.647 [Forwarding maximizeWindow on session 60dae0ef-7fe4-4fac-8da6-ad5469404be3 to remote] DEBUG o.a.h.i.conn.DefaultClientConnection - Receiving response: HTTP/1.1 200 OK
16:08:52.647 [Forwarding maximizeWindow on session 60dae0ef-7fe4-4fac-8da6-ad5469404be3 to remote] DEBUG org.apache.http.headers - << HTTP/1.1 200 OK
16:08:52.648 [Forwarding maximizeWindow on session 60dae0ef-7fe4-4fac-8da6-ad5469404be3 to remote] DEBUG org.apache.http.headers - << content-type: application/json; charset=UTF-8
16:08:52.648 [Forwarding maximizeWindow on session 60dae0ef-7fe4-4fac-8da6-ad5469404be3 to remote] DEBUG org.apache.http.headers - << connection: close
16:08:52.648 [Forwarding maximizeWindow on session 60dae0ef-7fe4-4fac-8da6-ad5469404be3 to remote] DEBUG org.apache.http.headers - << content-length: 98
16:08:52.648 [Forwarding maximizeWindow on session 60dae0ef-7fe4-4fac-8da6-ad5469404be3 to remote] DEBUG org.apache.http.headers - << server: httpd.js
16:08:52.648 [Forwarding maximizeWindow on session 60dae0ef-7fe4-4fac-8da6-ad5469404be3 to remote] DEBUG org.apache.http.headers - << date: Tue, 22 Oct 2013 20:08:52 GMT
16:08:52.648 [Forwarding maximizeWindow on session 60dae0ef-7fe4-4fac-8da6-ad5469404be3 to remote] DEBUG org.apache.http.wire - << "{"name":"maximizeWindow","sessionId":"60dae0ef-7fe4-4fac-8da6-ad5469404be3","status":0,"value":""}"
16:08:52.649 [Forwarding maximizeWindow on session 60dae0ef-7fe4-4fac-8da6-ad5469404be3 to remote] DEBUG o.a.h.i.conn.DefaultClientConnection - Connection 0.0.0.0:63170<->127.0.0.1:7055 shut down
16:08:52.649 [Forwarding maximizeWindow on session 60dae0ef-7fe4-4fac-8da6-ad5469404be3 to remote] DEBUG o.a.h.i.c.t.ThreadSafeClientConnManager - Released connection is not reusable.
16:08:52.650 [Forwarding maximizeWindow on session 60dae0ef-7fe4-4fac-8da6-ad5469404be3 to remote] DEBUG o.a.h.i.conn.tsccm.ConnPoolByRoute - Releasing connection [{}->http://127.0.0.1:7055][null]
16:08:52.650 [Forwarding maximizeWindow on session 60dae0ef-7fe4-4fac-8da6-ad5469404be3 to remote] DEBUG o.a.h.i.conn.DefaultClientConnection - Connection 0.0.0.0:63170<->127.0.0.1:7055 closed
16:08:52.650 [Forwarding maximizeWindow on session 60dae0ef-7fe4-4fac-8da6-ad5469404be3 to remote] DEBUG o.a.h.i.conn.tsccm.ConnPoolByRoute - Notifying no-one, there are no waiting threads
16:08:52.650 [Forwarding maximizeWindow on session 60dae0ef-7fe4-4fac-8da6-ad5469404be3 to remote] DEBUG o.o.selenium.remote.RemoteWebDriver - Executed: [60dae0ef-7fe4-4fac-8da6-ad5469404be3, maximizeWindow {windowHandle=current}]
16:08:52.863 [main] DEBUG sun.awt.windows.WToolkit - Win version: 0x1db10106 = 498139398 (Windows Vista)
16:08:52.927 [main] DEBUG s.awt.multiscreen.SunDisplayChanger - Adding listener: sun.awt.Win32GraphicsConfig@295c9583[dev=Win32GraphicsDevice[screen=0],pixfmt=0]
16:08:33,660 |-INFO in ch.qos.logback.classic.LoggerContext[default] - Could NOT find resource [logback.groovy]
16:08:33,660 |-INFO in ch.qos.logback.classic.LoggerContext[default] - Could NOT find resource [logback-test.xml]
16:08:33,660 |-INFO in ch.qos.logback.classic.LoggerContext[default] - Could NOT find resource [logback.xml]
16:08:33,661 |-INFO in ch.qos.logback.classic.LoggerContext[default] - Setting up default configuration.
16:08:33,791 |-INFO in ch.qos.logback.core.FileAppender[AllTestSuites] - File property is set to [logs/AllTestSuites2013-10-22--16_08_33.log]

16:08:52.940 [main] INFO  o.a.suites.LoginLogout - :: In Start of LoginLogout() method
16:08:52.940 [main] INFO  o.a.suites.LoginLogout - **********Start open application************
16:08:57.389 [Forwarding get on session 60dae0ef-7fe4-4fac-8da6-ad5469404be3 to remote] DEBUG o.o.selenium.remote.RemoteWebDriver - Executing: get [60dae0ef-7fe4-4fac-8da6-ad5469404be3, get {url=https://www.myhealth.va.gov/mhv-portal-web/	}]
16:08:57.389 [Forwarding get on session 60dae0ef-7fe4-4fac-8da6-ad5469404be3 to remote] DEBUG o.a.h.i.c.t.ThreadSafeClientConnManager - Get connection: {}->http://127.0.0.1:7055, timeout = 120000
16:08:57.390 [Forwarding get on session 60dae0ef-7fe4-4fac-8da6-ad5469404be3 to remote] DEBUG o.a.h.i.conn.tsccm.ConnPoolByRoute - [{}->http://127.0.0.1:7055] total kept alive: 0, total issued: 0, total allocated: 0 out of 2000
16:08:57.390 [Forwarding get on session 60dae0ef-7fe4-4fac-8da6-ad5469404be3 to remote] DEBUG o.a.h.i.conn.tsccm.ConnPoolByRoute - No free connections [{}->http://127.0.0.1:7055][null]
16:08:57.390 [Forwarding get on session 60dae0ef-7fe4-4fac-8da6-ad5469404be3 to remote] DEBUG o.a.h.i.conn.tsccm.ConnPoolByRoute - Available capacity: 2000 out of 2000 [{}->http://127.0.0.1:7055][null]
16:08:57.390 [Forwarding get on session 60dae0ef-7fe4-4fac-8da6-ad5469404be3 to remote] DEBUG o.a.h.i.conn.tsccm.ConnPoolByRoute - Creating new connection [{}->http://127.0.0.1:7055]
16:08:57.390 [Forwarding get on session 60dae0ef-7fe4-4fac-8da6-ad5469404be3 to remote] DEBUG o.a.h.i.c.DefaultClientConnectionOperator - Connecting to 127.0.0.1:7055
16:08:57.392 [Forwarding get on session 60dae0ef-7fe4-4fac-8da6-ad5469404be3 to remote] DEBUG o.a.h.c.protocol.RequestAddCookies - CookieSpec selected: best-match
16:08:57.392 [Forwarding get on session 60dae0ef-7fe4-4fac-8da6-ad5469404be3 to remote] DEBUG o.a.h.c.protocol.RequestAuthCache - Auth cache not set in the context
16:08:57.392 [Forwarding get on session 60dae0ef-7fe4-4fac-8da6-ad5469404be3 to remote] DEBUG o.a.h.c.p.RequestTargetAuthentication - Target auth state: UNCHALLENGED
16:08:57.393 [Forwarding get on session 60dae0ef-7fe4-4fac-8da6-ad5469404be3 to remote] DEBUG o.a.h.c.p.RequestProxyAuthentication - Proxy auth state: UNCHALLENGED
16:08:57.393 [Forwarding get on session 60dae0ef-7fe4-4fac-8da6-ad5469404be3 to remote] DEBUG o.a.h.impl.client.DefaultHttpClient - Attempt 1 to execute request
16:08:57.393 [Forwarding get on session 60dae0ef-7fe4-4fac-8da6-ad5469404be3 to remote] DEBUG o.a.h.i.conn.DefaultClientConnection - Sending request: POST /hub/session/60dae0ef-7fe4-4fac-8da6-ad5469404be3/url HTTP/1.1
16:08:57.393 [Forwarding get on session 60dae0ef-7fe4-4fac-8da6-ad5469404be3 to remote] DEBUG org.apache.http.wire - >> "POST /hub/session/60dae0ef-7fe4-4fac-8da6-ad5469404be3/url HTTP/1.1[\r][\n]"
16:08:57.393 [Forwarding get on session 60dae0ef-7fe4-4fac-8da6-ad5469404be3 to remote] DEBUG org.apache.http.wire - >> "Accept: application/json, image/png[\r][\n]"
16:08:57.393 [Forwarding get on session 60dae0ef-7fe4-4fac-8da6-ad5469404be3 to remote] DEBUG org.apache.http.wire - >> "Content-Type: application/json; charset=utf-8[\r][\n]"
16:08:57.393 [Forwarding get on session 60dae0ef-7fe4-4fac-8da6-ad5469404be3 to remote] DEBUG org.apache.http.wire - >> "Content-Length: 55[\r][\n]"
16:08:57.393 [Forwarding get on session 60dae0ef-7fe4-4fac-8da6-ad5469404be3 to remote] DEBUG org.apache.http.wire - >> "Host: 127.0.0.1:7055[\r][\n]"
16:08:57.394 [Forwarding get on session 60dae0ef-7fe4-4fac-8da6-ad5469404be3 to remote] DEBUG org.apache.http.wire - >> "Connection: Keep-Alive[\r][\n]"
16:08:57.394 [Forwarding get on session 60dae0ef-7fe4-4fac-8da6-ad5469404be3 to remote] DEBUG org.apache.http.wire - >> "[\r][\n]"
16:08:57.394 [Forwarding get on session 60dae0ef-7fe4-4fac-8da6-ad5469404be3 to remote] DEBUG org.apache.http.headers - >> POST /hub/session/60dae0ef-7fe4-4fac-8da6-ad5469404be3/url HTTP/1.1
16:08:57.394 [Forwarding get on session 60dae0ef-7fe4-4fac-8da6-ad5469404be3 to remote] DEBUG org.apache.http.headers - >> Accept: application/json, image/png
16:08:57.394 [Forwarding get on session 60dae0ef-7fe4-4fac-8da6-ad5469404be3 to remote] DEBUG org.apache.http.headers - >> Content-Type: application/json; charset=utf-8
16:08:57.394 [Forwarding get on session 60dae0ef-7fe4-4fac-8da6-ad5469404be3 to remote] DEBUG org.apache.http.headers - >> Content-Length: 55
16:08:57.394 [Forwarding get on session 60dae0ef-7fe4-4fac-8da6-ad5469404be3 to remote] DEBUG org.apache.http.headers - >> Host: 127.0.0.1:7055
16:08:57.394 [Forwarding get on session 60dae0ef-7fe4-4fac-8da6-ad5469404be3 to remote] DEBUG org.apache.http.headers - >> Connection: Keep-Alive
16:08:57.395 [Forwarding get on session 60dae0ef-7fe4-4fac-8da6-ad5469404be3 to remote] DEBUG org.apache.http.wire - >> "{"url":"https://www.myhealth.va.gov/mhv-portal-web/\t"}"
16:09:00.839 [Forwarding get on session 60dae0ef-7fe4-4fac-8da6-ad5469404be3 to remote] DEBUG org.apache.http.wire - << "HTTP/1.1 200 OK[\r][\n]"
16:09:00.839 [Forwarding get on session 60dae0ef-7fe4-4fac-8da6-ad5469404be3 to remote] DEBUG org.apache.http.wire - << "content-type: application/json; charset=UTF-8[\r][\n]"
16:09:00.839 [Forwarding get on session 60dae0ef-7fe4-4fac-8da6-ad5469404be3 to remote] DEBUG org.apache.http.wire - << "connection: close[\r][\n]"
16:09:00.840 [Forwarding get on session 60dae0ef-7fe4-4fac-8da6-ad5469404be3 to remote] DEBUG org.apache.http.wire - << "content-length: 87[\r][\n]"
16:09:00.840 [Forwarding get on session 60dae0ef-7fe4-4fac-8da6-ad5469404be3 to remote] DEBUG org.apache.http.wire - << "server: httpd.js[\r][\n]"
16:09:00.840 [Forwarding get on session 60dae0ef-7fe4-4fac-8da6-ad5469404be3 to remote] DEBUG org.apache.http.wire - << "date: Tue, 22 Oct 2013 20:09:00 GMT[\r][\n]"
16:09:00.840 [Forwarding get on session 60dae0ef-7fe4-4fac-8da6-ad5469404be3 to remote] DEBUG org.apache.http.wire - << "[\r][\n]"
16:09:00.840 [Forwarding get on session 60dae0ef-7fe4-4fac-8da6-ad5469404be3 to remote] DEBUG o.a.h.i.conn.DefaultClientConnection - Receiving response: HTTP/1.1 200 OK
16:09:00.841 [Forwarding get on session 60dae0ef-7fe4-4fac-8da6-ad5469404be3 to remote] DEBUG org.apache.http.headers - << HTTP/1.1 200 OK
16:09:00.841 [Forwarding get on session 60dae0ef-7fe4-4fac-8da6-ad5469404be3 to remote] DEBUG org.apache.http.headers - << content-type: application/json; charset=UTF-8
16:09:00.841 [Forwarding get on session 60dae0ef-7fe4-4fac-8da6-ad5469404be3 to remote] DEBUG org.apache.http.headers - << connection: close
16:09:00.841 [Forwarding get on session 60dae0ef-7fe4-4fac-8da6-ad5469404be3 to remote] DEBUG org.apache.http.headers - << content-length: 87
16:09:00.841 [Forwarding get on session 60dae0ef-7fe4-4fac-8da6-ad5469404be3 to remote] DEBUG org.apache.http.headers - << server: httpd.js
16:09:00.841 [Forwarding get on session 60dae0ef-7fe4-4fac-8da6-ad5469404be3 to remote] DEBUG org.apache.http.headers - << date: Tue, 22 Oct 2013 20:09:00 GMT
16:09:00.842 [Forwarding get on session 60dae0ef-7fe4-4fac-8da6-ad5469404be3 to remote] DEBUG org.apache.http.wire - << "{"name":"get","sessionId":"60dae0ef-7fe4-4fac-8da6-ad5469404be3","status":0,"value":""}"
16:09:00.843 [Forwarding get on session 60dae0ef-7fe4-4fac-8da6-ad5469404be3 to remote] DEBUG o.a.h.i.conn.DefaultClientConnection - Connection 0.0.0.0:63173<->127.0.0.1:7055 shut down
16:09:00.843 [Forwarding get on session 60dae0ef-7fe4-4fac-8da6-ad5469404be3 to remote] DEBUG o.a.h.i.c.t.ThreadSafeClientConnManager - Released connection is not reusable.
16:09:00.843 [Forwarding get on session 60dae0ef-7fe4-4fac-8da6-ad5469404be3 to remote] DEBUG o.a.h.i.conn.tsccm.ConnPoolByRoute - Releasing connection [{}->http://127.0.0.1:7055][null]
16:09:00.843 [Forwarding get on session 60dae0ef-7fe4-4fac-8da6-ad5469404be3 to remote] DEBUG o.a.h.i.conn.DefaultClientConnection - Connection 0.0.0.0:63173<->127.0.0.1:7055 closed
16:09:00.843 [Forwarding get on session 60dae0ef-7fe4-4fac-8da6-ad5469404be3 to remote] DEBUG o.a.h.i.conn.tsccm.ConnPoolByRoute - Notifying no-one, there are no waiting threads
16:09:00.844 [Forwarding get on session 60dae0ef-7fe4-4fac-8da6-ad5469404be3 to remote] DEBUG o.o.selenium.remote.RemoteWebDriver - Executed: [60dae0ef-7fe4-4fac-8da6-ad5469404be3, get {url=https://www.myhealth.va.gov/mhv-portal-web/	}]
16:09:05.889 [main] INFO  o.a.suites.LoginLogout - ::getting the URL from the properties file :: The URL is ::https://www.myhealth.va.gov/mhv-portal-web/	
16:09:20.891 [Forwarding findElements on session 60dae0ef-7fe4-4fac-8da6-ad5469404be3 to remote] DEBUG o.o.selenium.remote.RemoteWebDriver - Executing: findElements [60dae0ef-7fe4-4fac-8da6-ad5469404be3, findElements {using=xpath, value=//div[@class='bea-portal-login-window-content']/div/h2}]
16:09:20.892 [Forwarding findElements on session 60dae0ef-7fe4-4fac-8da6-ad5469404be3 to remote] DEBUG o.a.h.i.c.t.ThreadSafeClientConnManager - Get connection: {}->http://127.0.0.1:7055, timeout = 120000
16:09:20.892 [Forwarding findElements on session 60dae0ef-7fe4-4fac-8da6-ad5469404be3 to remote] DEBUG o.a.h.i.conn.tsccm.ConnPoolByRoute - [{}->http://127.0.0.1:7055] total kept alive: 0, total issued: 0, total allocated: 0 out of 2000
16:09:20.892 [Forwarding findElements on session 60dae0ef-7fe4-4fac-8da6-ad5469404be3 to remote] DEBUG o.a.h.i.conn.tsccm.ConnPoolByRoute - No free connections [{}->http://127.0.0.1:7055][null]
16:09:20.893 [Forwarding findElements on session 60dae0ef-7fe4-4fac-8da6-ad5469404be3 to remote] DEBUG o.a.h.i.conn.tsccm.ConnPoolByRoute - Available capacity: 2000 out of 2000 [{}->http://127.0.0.1:7055][null]
16:09:20.893 [Forwarding findElements on session 60dae0ef-7fe4-4fac-8da6-ad5469404be3 to remote] DEBUG o.a.h.i.conn.tsccm.ConnPoolByRoute - Creating new connection [{}->http://127.0.0.1:7055]
16:09:20.893 [Forwarding findElements on session 60dae0ef-7fe4-4fac-8da6-ad5469404be3 to remote] DEBUG o.a.h.i.c.DefaultClientConnectionOperator - Connecting to 127.0.0.1:7055
16:09:20.895 [Forwarding findElements on session 60dae0ef-7fe4-4fac-8da6-ad5469404be3 to remote] DEBUG o.a.h.c.protocol.RequestAddCookies - CookieSpec selected: best-match
16:09:20.895 [Forwarding findElements on session 60dae0ef-7fe4-4fac-8da6-ad5469404be3 to remote] DEBUG o.a.h.c.protocol.RequestAuthCache - Auth cache not set in the context
16:09:20.895 [Forwarding findElements on session 60dae0ef-7fe4-4fac-8da6-ad5469404be3 to remote] DEBUG o.a.h.c.p.RequestTargetAuthentication - Target auth state: UNCHALLENGED
16:09:20.896 [Forwarding findElements on session 60dae0ef-7fe4-4fac-8da6-ad5469404be3 to remote] DEBUG o.a.h.c.p.RequestProxyAuthentication - Proxy auth state: UNCHALLENGED
16:09:20.896 [Forwarding findElements on session 60dae0ef-7fe4-4fac-8da6-ad5469404be3 to remote] DEBUG o.a.h.impl.client.DefaultHttpClient - Attempt 1 to execute request
16:09:20.896 [Forwarding findElements on session 60dae0ef-7fe4-4fac-8da6-ad5469404be3 to remote] DEBUG o.a.h.i.conn.DefaultClientConnection - Sending request: POST /hub/session/60dae0ef-7fe4-4fac-8da6-ad5469404be3/elements HTTP/1.1
16:09:20.896 [Forwarding findElements on session 60dae0ef-7fe4-4fac-8da6-ad5469404be3 to remote] DEBUG org.apache.http.wire - >> "POST /hub/session/60dae0ef-7fe4-4fac-8da6-ad5469404be3/elements HTTP/1.1[\r][\n]"
16:09:20.896 [Forwarding findElements on session 60dae0ef-7fe4-4fac-8da6-ad5469404be3 to remote] DEBUG org.apache.http.wire - >> "Accept: application/json, image/png[\r][\n]"
16:09:20.896 [Forwarding findElements on session 60dae0ef-7fe4-4fac-8da6-ad5469404be3 to remote] DEBUG org.apache.http.wire - >> "Content-Type: application/json; charset=utf-8[\r][\n]"
16:09:20.897 [Forwarding findElements on session 60dae0ef-7fe4-4fac-8da6-ad5469404be3 to remote] DEBUG org.apache.http.wire - >> "Content-Length: 82[\r][\n]"
16:09:20.897 [Forwarding findElements on session 60dae0ef-7fe4-4fac-8da6-ad5469404be3 to remote] DEBUG org.apache.http.wire - >> "Host: 127.0.0.1:7055[\r][\n]"
16:09:20.897 [Forwarding findElements on session 60dae0ef-7fe4-4fac-8da6-ad5469404be3 to remote] DEBUG org.apache.http.wire - >> "Connection: Keep-Alive[\r][\n]"
16:09:20.897 [Forwarding findElements on session 60dae0ef-7fe4-4fac-8da6-ad5469404be3 to remote] DEBUG org.apache.http.wire - >> "[\r][\n]"
16:09:20.897 [Forwarding findElements on session 60dae0ef-7fe4-4fac-8da6-ad5469404be3 to remote] DEBUG org.apache.http.headers - >> POST /hub/session/60dae0ef-7fe4-4fac-8da6-ad5469404be3/elements HTTP/1.1
16:09:20.897 [Forwarding findElements on session 60dae0ef-7fe4-4fac-8da6-ad5469404be3 to remote] DEBUG org.apache.http.headers - >> Accept: application/json, image/png
16:09:20.898 [Forwarding findElements on session 60dae0ef-7fe4-4fac-8da6-ad5469404be3 to remote] DEBUG org.apache.http.headers - >> Content-Type: application/json; charset=utf-8
16:09:20.898 [Forwarding findElements on session 60dae0ef-7fe4-4fac-8da6-ad5469404be3 to remote] DEBUG org.apache.http.headers - >> Content-Length: 82
16:09:20.898 [Forwarding findElements on session 60dae0ef-7fe4-4fac-8da6-ad5469404be3 to remote] DEBUG org.apache.http.headers - >> Host: 127.0.0.1:7055
16:09:20.898 [Forwarding findElements on session 60dae0ef-7fe4-4fac-8da6-ad5469404be3 to remote] DEBUG org.apache.http.headers - >> Connection: Keep-Alive
16:09:20.898 [Forwarding findElements on session 60dae0ef-7fe4-4fac-8da6-ad5469404be3 to remote] DEBUG org.apache.http.wire - >> "{"using":"xpath","value":"//div[@class='bea-portal-login-window-content']/div/h2"}"
16:09:20.941 [Forwarding findElements on session 60dae0ef-7fe4-4fac-8da6-ad5469404be3 to remote] DEBUG org.apache.http.wire - << "HTTP/1.1 200 OK[\r][\n]"
16:09:20.942 [Forwarding findElements on session 60dae0ef-7fe4-4fac-8da6-ad5469404be3 to remote] DEBUG org.apache.http.wire - << "content-type: application/json; charset=UTF-8[\r][\n]"
16:09:20.942 [Forwarding findElements on session 60dae0ef-7fe4-4fac-8da6-ad5469404be3 to remote] DEBUG org.apache.http.wire - << "connection: close[\r][\n]"
16:09:20.942 [Forwarding findElements on session 60dae0ef-7fe4-4fac-8da6-ad5469404be3 to remote] DEBUG org.apache.http.wire - << "content-length: 148[\r][\n]"
16:09:20.942 [Forwarding findElements on session 60dae0ef-7fe4-4fac-8da6-ad5469404be3 to remote] DEBUG org.apache.http.wire - << "server: httpd.js[\r][\n]"
16:09:20.942 [Forwarding findElements on session 60dae0ef-7fe4-4fac-8da6-ad5469404be3 to remote] DEBUG org.apache.http.wire - << "date: Tue, 22 Oct 2013 20:09:20 GMT[\r][\n]"
16:09:20.942 [Forwarding findElements on session 60dae0ef-7fe4-4fac-8da6-ad5469404be3 to remote] DEBUG org.apache.http.wire - << "[\r][\n]"
16:09:20.943 [Forwarding findElements on session 60dae0ef-7fe4-4fac-8da6-ad5469404be3 to remote] DEBUG o.a.h.i.conn.DefaultClientConnection - Receiving response: HTTP/1.1 200 OK
16:09:20.943 [Forwarding findElements on session 60dae0ef-7fe4-4fac-8da6-ad5469404be3 to remote] DEBUG org.apache.http.headers - << HTTP/1.1 200 OK
16:09:20.943 [Forwarding findElements on session 60dae0ef-7fe4-4fac-8da6-ad5469404be3 to remote] DEBUG org.apache.http.headers - << content-type: application/json; charset=UTF-8
16:09:20.943 [Forwarding findElements on session 60dae0ef-7fe4-4fac-8da6-ad5469404be3 to remote] DEBUG org.apache.http.headers - << connection: close
16:09:20.943 [Forwarding findElements on session 60dae0ef-7fe4-4fac-8da6-ad5469404be3 to remote] DEBUG org.apache.http.headers - << content-length: 148
16:09:20.943 [Forwarding findElements on session 60dae0ef-7fe4-4fac-8da6-ad5469404be3 to remote] DEBUG org.apache.http.headers - << server: httpd.js
16:09:20.943 [Forwarding findElements on session 60dae0ef-7fe4-4fac-8da6-ad5469404be3 to remote] DEBUG org.apache.http.headers - << date: Tue, 22 Oct 2013 20:09:20 GMT
16:09:20.944 [Forwarding findElements on session 60dae0ef-7fe4-4fac-8da6-ad5469404be3 to remote] DEBUG org.apache.http.wire - << "{"name":"findElements","sessionId":"60dae0ef-7fe4-4fac-8da6-ad5469404be3","status":0,"value":[{"ELEMENT":"{39c9ebce-5996-4dcf-8103-ff27a9ac9c36}"}]}"
16:09:20.944 [Forwarding findElements on session 60dae0ef-7fe4-4fac-8da6-ad5469404be3 to remote] DEBUG o.a.h.i.conn.DefaultClientConnection - Connection 0.0.0.0:63185<->127.0.0.1:7055 shut down
16:09:20.944 [Forwarding findElements on session 60dae0ef-7fe4-4fac-8da6-ad5469404be3 to remote] DEBUG o.a.h.i.c.t.ThreadSafeClientConnManager - Released connection is not reusable.
16:09:20.944 [Forwarding findElements on session 60dae0ef-7fe4-4fac-8da6-ad5469404be3 to remote] DEBUG o.a.h.i.conn.tsccm.ConnPoolByRoute - Releasing connection [{}->http://127.0.0.1:7055][null]
16:09:20.945 [Forwarding findElements on session 60dae0ef-7fe4-4fac-8da6-ad5469404be3 to remote] DEBUG o.a.h.i.conn.DefaultClientConnection - Connection 0.0.0.0:63185<->127.0.0.1:7055 closed
16:09:20.945 [Forwarding findElements on session 60dae0ef-7fe4-4fac-8da6-ad5469404be3 to remote] DEBUG o.a.h.i.conn.tsccm.ConnPoolByRoute - Notifying no-one, there are no waiting threads
16:09:20.946 [Forwarding findElements on session 60dae0ef-7fe4-4fac-8da6-ad5469404be3 to remote] DEBUG o.o.selenium.remote.RemoteWebDriver - Executed: [60dae0ef-7fe4-4fac-8da6-ad5469404be3, findElements {using=xpath, value=//div[@class='bea-portal-login-window-content']/div/h2}]
16:09:20.950 [Forwarding getElementText on session 60dae0ef-7fe4-4fac-8da6-ad5469404be3 to remote] DEBUG o.o.selenium.remote.RemoteWebDriver - Executing: getElementText [60dae0ef-7fe4-4fac-8da6-ad5469404be3, getElementText {id={39c9ebce-5996-4dcf-8103-ff27a9ac9c36}}]
16:09:20.950 [Forwarding getElementText on session 60dae0ef-7fe4-4fac-8da6-ad5469404be3 to remote] DEBUG o.a.h.i.c.t.ThreadSafeClientConnManager - Get connection: {}->http://127.0.0.1:7055, timeout = 120000
16:09:20.950 [Forwarding getElementText on session 60dae0ef-7fe4-4fac-8da6-ad5469404be3 to remote] DEBUG o.a.h.i.conn.tsccm.ConnPoolByRoute - [{}->http://127.0.0.1:7055] total kept alive: 0, total issued: 0, total allocated: 0 out of 2000
16:09:20.951 [Forwarding getElementText on session 60dae0ef-7fe4-4fac-8da6-ad5469404be3 to remote] DEBUG o.a.h.i.conn.tsccm.ConnPoolByRoute - No free connections [{}->http://127.0.0.1:7055][null]
16:09:20.951 [Forwarding getElementText on session 60dae0ef-7fe4-4fac-8da6-ad5469404be3 to remote] DEBUG o.a.h.i.conn.tsccm.ConnPoolByRoute - Available capacity: 2000 out of 2000 [{}->http://127.0.0.1:7055][null]
16:09:20.951 [Forwarding getElementText on session 60dae0ef-7fe4-4fac-8da6-ad5469404be3 to remote] DEBUG o.a.h.i.conn.tsccm.ConnPoolByRoute - Creating new connection [{}->http://127.0.0.1:7055]
16:09:20.951 [Forwarding getElementText on session 60dae0ef-7fe4-4fac-8da6-ad5469404be3 to remote] DEBUG o.a.h.i.c.DefaultClientConnectionOperator - Connecting to 127.0.0.1:7055
16:09:20.953 [Forwarding getElementText on session 60dae0ef-7fe4-4fac-8da6-ad5469404be3 to remote] DEBUG o.a.h.c.protocol.RequestAddCookies - CookieSpec selected: best-match
16:09:20.953 [Forwarding getElementText on session 60dae0ef-7fe4-4fac-8da6-ad5469404be3 to remote] DEBUG o.a.h.c.protocol.RequestAuthCache - Auth cache not set in the context
16:09:20.953 [Forwarding getElementText on session 60dae0ef-7fe4-4fac-8da6-ad5469404be3 to remote] DEBUG o.a.h.c.p.RequestTargetAuthentication - Target auth state: UNCHALLENGED
16:09:20.953 [Forwarding getElementText on session 60dae0ef-7fe4-4fac-8da6-ad5469404be3 to remote] DEBUG o.a.h.c.p.RequestProxyAuthentication - Proxy auth state: UNCHALLENGED
16:09:20.954 [Forwarding getElementText on session 60dae0ef-7fe4-4fac-8da6-ad5469404be3 to remote] DEBUG o.a.h.impl.client.DefaultHttpClient - Attempt 1 to execute request
16:09:20.954 [Forwarding getElementText on session 60dae0ef-7fe4-4fac-8da6-ad5469404be3 to remote] DEBUG o.a.h.i.conn.DefaultClientConnection - Sending request: GET /hub/session/60dae0ef-7fe4-4fac-8da6-ad5469404be3/element/%7B39c9ebce-5996-4dcf-8103-ff27a9ac9c36%7D/text HTTP/1.1
16:09:20.954 [Forwarding getElementText on session 60dae0ef-7fe4-4fac-8da6-ad5469404be3 to remote] DEBUG org.apache.http.wire - >> "GET /hub/session/60dae0ef-7fe4-4fac-8da6-ad5469404be3/element/%7B39c9ebce-5996-4dcf-8103-ff27a9ac9c36%7D/text HTTP/1.1[\r][\n]"
16:09:20.954 [Forwarding getElementText on session 60dae0ef-7fe4-4fac-8da6-ad5469404be3 to remote] DEBUG org.apache.http.wire - >> "Accept: application/json, image/png[\r][\n]"
16:09:20.954 [Forwarding getElementText on session 60dae0ef-7fe4-4fac-8da6-ad5469404be3 to remote] DEBUG org.apache.http.wire - >> "Cache-Control: no-cache[\r][\n]"
16:09:20.954 [Forwarding getElementText on session 60dae0ef-7fe4-4fac-8da6-ad5469404be3 to remote] DEBUG org.apache.http.wire - >> "Host: 127.0.0.1:7055[\r][\n]"
16:09:20.955 [Forwarding getElementText on session 60dae0ef-7fe4-4fac-8da6-ad5469404be3 to remote] DEBUG org.apache.http.wire - >> "Connection: Keep-Alive[\r][\n]"
16:09:20.955 [Forwarding getElementText on session 60dae0ef-7fe4-4fac-8da6-ad5469404be3 to remote] DEBUG org.apache.http.wire - >> "[\r][\n]"
16:09:20.955 [Forwarding getElementText on session 60dae0ef-7fe4-4fac-8da6-ad5469404be3 to remote] DEBUG org.apache.http.headers - >> GET /hub/session/60dae0ef-7fe4-4fac-8da6-ad5469404be3/element/%7B39c9ebce-5996-4dcf-8103-ff27a9ac9c36%7D/text HTTP/1.1
16:09:20.955 [Forwarding getElementText on session 60dae0ef-7fe4-4fac-8da6-ad5469404be3 to remote] DEBUG org.apache.http.headers - >> Accept: application/json, image/png
16:09:20.955 [Forwarding getElementText on session 60dae0ef-7fe4-4fac-8da6-ad5469404be3 to remote] DEBUG org.apache.http.headers - >> Cache-Control: no-cache
16:09:20.955 [Forwarding getElementText on session 60dae0ef-7fe4-4fac-8da6-ad5469404be3 to remote] DEBUG org.apache.http.headers - >> Host: 127.0.0.1:7055
16:09:20.955 [Forwarding getElementText on session 60dae0ef-7fe4-4fac-8da6-ad5469404be3 to remote] DEBUG org.apache.http.headers - >> Connection: Keep-Alive
16:09:20.987 [Forwarding getElementText on session 60dae0ef-7fe4-4fac-8da6-ad5469404be3 to remote] DEBUG org.apache.http.wire - << "HTTP/1.1 200 OK[\r][\n]"
16:09:20.987 [Forwarding getElementText on session 60dae0ef-7fe4-4fac-8da6-ad5469404be3 to remote] DEBUG org.apache.http.wire - << "content-type: application/json; charset=UTF-8[\r][\n]"
16:09:20.988 [Forwarding getElementText on session 60dae0ef-7fe4-4fac-8da6-ad5469404be3 to remote] DEBUG org.apache.http.wire - << "connection: close[\r][\n]"
16:09:20.988 [Forwarding getElementText on session 60dae0ef-7fe4-4fac-8da6-ad5469404be3 to remote] DEBUG org.apache.http.wire - << "content-length: 110[\r][\n]"
16:09:20.988 [Forwarding getElementText on session 60dae0ef-7fe4-4fac-8da6-ad5469404be3 to remote] DEBUG org.apache.http.wire - << "server: httpd.js[\r][\n]"
16:09:20.988 [Forwarding getElementText on session 60dae0ef-7fe4-4fac-8da6-ad5469404be3 to remote] DEBUG org.apache.http.wire - << "date: Tue, 22 Oct 2013 20:09:20 GMT[\r][\n]"
16:09:20.988 [Forwarding getElementText on session 60dae0ef-7fe4-4fac-8da6-ad5469404be3 to remote] DEBUG org.apache.http.wire - << "[\r][\n]"
16:09:20.988 [Forwarding getElementText on session 60dae0ef-7fe4-4fac-8da6-ad5469404be3 to remote] DEBUG o.a.h.i.conn.DefaultClientConnection - Receiving response: HTTP/1.1 200 OK
16:09:20.989 [Forwarding getElementText on session 60dae0ef-7fe4-4fac-8da6-ad5469404be3 to remote] DEBUG org.apache.http.headers - << HTTP/1.1 200 OK
16:09:20.989 [Forwarding getElementText on session 60dae0ef-7fe4-4fac-8da6-ad5469404be3 to remote] DEBUG org.apache.http.headers - << content-type: application/json; charset=UTF-8
16:09:20.989 [Forwarding getElementText on session 60dae0ef-7fe4-4fac-8da6-ad5469404be3 to remote] DEBUG org.apache.http.headers - << connection: close
16:09:20.989 [Forwarding getElementText on session 60dae0ef-7fe4-4fac-8da6-ad5469404be3 to remote] DEBUG org.apache.http.headers - << content-length: 110
16:09:20.989 [Forwarding getElementText on session 60dae0ef-7fe4-4fac-8da6-ad5469404be3 to remote] DEBUG org.apache.http.headers - << server: httpd.js
16:09:20.989 [Forwarding getElementText on session 60dae0ef-7fe4-4fac-8da6-ad5469404be3 to remote] DEBUG org.apache.http.headers - << date: Tue, 22 Oct 2013 20:09:20 GMT
16:09:20.989 [Forwarding getElementText on session 60dae0ef-7fe4-4fac-8da6-ad5469404be3 to remote] DEBUG org.apache.http.wire - << "{"name":"getElementText","sessionId":"60dae0ef-7fe4-4fac-8da6-ad5469404be3","status":0,"value":"Member Login"}"
16:09:20.990 [Forwarding getElementText on session 60dae0ef-7fe4-4fac-8da6-ad5469404be3 to remote] DEBUG o.a.h.i.conn.DefaultClientConnection - Connection 0.0.0.0:63186<->127.0.0.1:7055 shut down
16:09:20.990 [Forwarding getElementText on session 60dae0ef-7fe4-4fac-8da6-ad5469404be3 to remote] DEBUG o.a.h.i.c.t.ThreadSafeClientConnManager - Released connection is not reusable.
16:09:20.990 [Forwarding getElementText on session 60dae0ef-7fe4-4fac-8da6-ad5469404be3 to remote] DEBUG o.a.h.i.conn.tsccm.ConnPoolByRoute - Releasing connection [{}->http://127.0.0.1:7055][null]
16:09:20.991 [Forwarding getElementText on session 60dae0ef-7fe4-4fac-8da6-ad5469404be3 to remote] DEBUG o.a.h.i.conn.DefaultClientConnection - Connection 0.0.0.0:63186<->127.0.0.1:7055 closed
16:09:20.991 [Forwarding getElementText on session 60dae0ef-7fe4-4fac-8da6-ad5469404be3 to remote] DEBUG o.a.h.i.conn.tsccm.ConnPoolByRoute - Notifying no-one, there are no waiting threads
16:09:20.991 [Forwarding getElementText on session 60dae0ef-7fe4-4fac-8da6-ad5469404be3 to remote] DEBUG o.o.selenium.remote.RemoteWebDriver - Executed: [60dae0ef-7fe4-4fac-8da6-ad5469404be3, getElementText {id={39c9ebce-5996-4dcf-8103-ff27a9ac9c36}}]
16:09:20.993 [main] INFO  o.a.suites.LoginLogout - Test -- Verify the Member Login header text- expected: Member Login -- PASS
16:09:21.994 [Forwarding findElement on session 60dae0ef-7fe4-4fac-8da6-ad5469404be3 to remote] DEBUG o.o.selenium.remote.RemoteWebDriver - Executing: findElement [60dae0ef-7fe4-4fac-8da6-ad5469404be3, findElement {using=name, value=loginPortlet_homepage{actionForm.userName}}]
16:09:21.995 [Forwarding findElement on session 60dae0ef-7fe4-4fac-8da6-ad5469404be3 to remote] DEBUG o.a.h.i.c.t.ThreadSafeClientConnManager - Get connection: {}->http://127.0.0.1:7055, timeout = 120000
16:09:21.995 [Forwarding findElement on session 60dae0ef-7fe4-4fac-8da6-ad5469404be3 to remote] DEBUG o.a.h.i.conn.tsccm.ConnPoolByRoute - [{}->http://127.0.0.1:7055] total kept alive: 0, total issued: 0, total allocated: 0 out of 2000
16:09:21.995 [Forwarding findElement on session 60dae0ef-7fe4-4fac-8da6-ad5469404be3 to remote] DEBUG o.a.h.i.conn.tsccm.ConnPoolByRoute - No free connections [{}->http://127.0.0.1:7055][null]
16:09:21.995 [Forwarding findElement on session 60dae0ef-7fe4-4fac-8da6-ad5469404be3 to remote] DEBUG o.a.h.i.conn.tsccm.ConnPoolByRoute - Available capacity: 2000 out of 2000 [{}->http://127.0.0.1:7055][null]
16:09:21.995 [Forwarding findElement on session 60dae0ef-7fe4-4fac-8da6-ad5469404be3 to remote] DEBUG o.a.h.i.conn.tsccm.ConnPoolByRoute - Creating new connection [{}->http://127.0.0.1:7055]
16:09:21.996 [Forwarding findElement on session 60dae0ef-7fe4-4fac-8da6-ad5469404be3 to remote] DEBUG o.a.h.i.c.DefaultClientConnectionOperator - Connecting to 127.0.0.1:7055
16:09:21.998 [Forwarding findElement on session 60dae0ef-7fe4-4fac-8da6-ad5469404be3 to remote] DEBUG o.a.h.c.protocol.RequestAddCookies - CookieSpec selected: best-match
16:09:21.998 [Forwarding findElement on session 60dae0ef-7fe4-4fac-8da6-ad5469404be3 to remote] DEBUG o.a.h.c.protocol.RequestAuthCache - Auth cache not set in the context
16:09:21.998 [Forwarding findElement on session 60dae0ef-7fe4-4fac-8da6-ad5469404be3 to remote] DEBUG o.a.h.c.p.RequestTargetAuthentication - Target auth state: UNCHALLENGED
16:09:21.998 [Forwarding findElement on session 60dae0ef-7fe4-4fac-8da6-ad5469404be3 to remote] DEBUG o.a.h.c.p.RequestProxyAuthentication - Proxy auth state: UNCHALLENGED
16:09:21.998 [Forwarding findElement on session 60dae0ef-7fe4-4fac-8da6-ad5469404be3 to remote] DEBUG o.a.h.impl.client.DefaultHttpClient - Attempt 1 to execute request
16:09:21.998 [Forwarding findElement on session 60dae0ef-7fe4-4fac-8da6-ad5469404be3 to remote] DEBUG o.a.h.i.conn.DefaultClientConnection - Sending request: POST /hub/session/60dae0ef-7fe4-4fac-8da6-ad5469404be3/element HTTP/1.1
16:09:21.999 [Forwarding findElement on session 60dae0ef-7fe4-4fac-8da6-ad5469404be3 to remote] DEBUG org.apache.http.wire - >> "POST /hub/session/60dae0ef-7fe4-4fac-8da6-ad5469404be3/element HTTP/1.1[\r][\n]"
16:09:21.999 [Forwarding findElement on session 60dae0ef-7fe4-4fac-8da6-ad5469404be3 to remote] DEBUG org.apache.http.wire - >> "Accept: application/json, image/png[\r][\n]"
16:09:21.999 [Forwarding findElement on session 60dae0ef-7fe4-4fac-8da6-ad5469404be3 to remote] DEBUG org.apache.http.wire - >> "Content-Type: application/json; charset=utf-8[\r][\n]"
16:09:21.999 [Forwarding findElement on session 60dae0ef-7fe4-4fac-8da6-ad5469404be3 to remote] DEBUG org.apache.http.wire - >> "Content-Length: 69[\r][\n]"
16:09:21.999 [Forwarding findElement on session 60dae0ef-7fe4-4fac-8da6-ad5469404be3 to remote] DEBUG org.apache.http.wire - >> "Host: 127.0.0.1:7055[\r][\n]"
16:09:21.999 [Forwarding findElement on session 60dae0ef-7fe4-4fac-8da6-ad5469404be3 to remote] DEBUG org.apache.http.wire - >> "Connection: Keep-Alive[\r][\n]"
16:09:21.999 [Forwarding findElement on session 60dae0ef-7fe4-4fac-8da6-ad5469404be3 to remote] DEBUG org.apache.http.wire - >> "[\r][\n]"
16:09:22.000 [Forwarding findElement on session 60dae0ef-7fe4-4fac-8da6-ad5469404be3 to remote] DEBUG org.apache.http.headers - >> POST /hub/session/60dae0ef-7fe4-4fac-8da6-ad5469404be3/element HTTP/1.1
16:09:22.000 [Forwarding findElement on session 60dae0ef-7fe4-4fac-8da6-ad5469404be3 to remote] DEBUG org.apache.http.headers - >> Accept: application/json, image/png
16:09:22.000 [Forwarding findElement on session 60dae0ef-7fe4-4fac-8da6-ad5469404be3 to remote] DEBUG org.apache.http.headers - >> Content-Type: application/json; charset=utf-8
16:09:22.000 [Forwarding findElement on session 60dae0ef-7fe4-4fac-8da6-ad5469404be3 to remote] DEBUG org.apache.http.headers - >> Content-Length: 69
16:09:22.000 [Forwarding findElement on session 60dae0ef-7fe4-4fac-8da6-ad5469404be3 to remote] DEBUG org.apache.http.headers - >> Host: 127.0.0.1:7055
16:09:22.000 [Forwarding findElement on session 60dae0ef-7fe4-4fac-8da6-ad5469404be3 to remote] DEBUG org.apache.http.headers - >> Connection: Keep-Alive
16:09:22.000 [Forwarding findElement on session 60dae0ef-7fe4-4fac-8da6-ad5469404be3 to remote] DEBUG org.apache.http.wire - >> "{"using":"name","value":"loginPortlet_homepage{actionForm.userName}"}"
16:09:22.017 [Forwarding findElement on session 60dae0ef-7fe4-4fac-8da6-ad5469404be3 to remote] DEBUG org.apache.http.wire - << "HTTP/1.1 200 OK[\r][\n]"
16:09:22.017 [Forwarding findElement on session 60dae0ef-7fe4-4fac-8da6-ad5469404be3 to remote] DEBUG org.apache.http.wire - << "content-type: application/json; charset=UTF-8[\r][\n]"
16:09:22.017 [Forwarding findElement on session 60dae0ef-7fe4-4fac-8da6-ad5469404be3 to remote] DEBUG org.apache.http.wire - << "connection: close[\r][\n]"
16:09:22.017 [Forwarding findElement on session 60dae0ef-7fe4-4fac-8da6-ad5469404be3 to remote] DEBUG org.apache.http.wire - << "content-length: 145[\r][\n]"
16:09:22.017 [Forwarding findElement on session 60dae0ef-7fe4-4fac-8da6-ad5469404be3 to remote] DEBUG org.apache.http.wire - << "server: httpd.js[\r][\n]"
16:09:22.018 [Forwarding findElement on session 60dae0ef-7fe4-4fac-8da6-ad5469404be3 to remote] DEBUG org.apache.http.wire - << "date: Tue, 22 Oct 2013 20:09:22 GMT[\r][\n]"
16:09:22.018 [Forwarding findElement on session 60dae0ef-7fe4-4fac-8da6-ad5469404be3 to remote] DEBUG org.apache.http.wire - << "[\r][\n]"
16:09:22.018 [Forwarding findElement on session 60dae0ef-7fe4-4fac-8da6-ad5469404be3 to remote] DEBUG o.a.h.i.conn.DefaultClientConnection - Receiving response: HTTP/1.1 200 OK
16:09:22.018 [Forwarding findElement on session 60dae0ef-7fe4-4fac-8da6-ad5469404be3 to remote] DEBUG org.apache.http.headers - << HTTP/1.1 200 OK
16:09:22.018 [Forwarding findElement on session 60dae0ef-7fe4-4fac-8da6-ad5469404be3 to remote] DEBUG org.apache.http.headers - << content-type: application/json; charset=UTF-8
16:09:22.018 [Forwarding findElement on session 60dae0ef-7fe4-4fac-8da6-ad5469404be3 to remote] DEBUG org.apache.http.headers - << connection: close
16:09:22.018 [Forwarding findElement on session 60dae0ef-7fe4-4fac-8da6-ad5469404be3 to remote] DEBUG org.apache.http.headers - << content-length: 145
16:09:22.018 [Forwarding findElement on session 60dae0ef-7fe4-4fac-8da6-ad5469404be3 to remote] DEBUG org.apache.http.headers - << server: httpd.js
16:09:22.018 [Forwarding findElement on session 60dae0ef-7fe4-4fac-8da6-ad5469404be3 to remote] DEBUG org.apache.http.headers - << date: Tue, 22 Oct 2013 20:09:22 GMT
16:09:22.019 [Forwarding findElement on session 60dae0ef-7fe4-4fac-8da6-ad5469404be3 to remote] DEBUG org.apache.http.wire - << "{"name":"findElement","sessionId":"60dae0ef-7fe4-4fac-8da6-ad5469404be3","status":0,"value":{"ELEMENT":"{f0109141-4c4f-4420-9bef-0f5f0a57bf35}"}}"
16:09:22.019 [Forwarding findElement on session 60dae0ef-7fe4-4fac-8da6-ad5469404be3 to remote] DEBUG o.a.h.i.conn.DefaultClientConnection - Connection 0.0.0.0:63187<->127.0.0.1:7055 shut down
16:09:22.019 [Forwarding findElement on session 60dae0ef-7fe4-4fac-8da6-ad5469404be3 to remote] DEBUG o.a.h.i.c.t.ThreadSafeClientConnManager - Released connection is not reusable.
16:09:22.020 [Forwarding findElement on session 60dae0ef-7fe4-4fac-8da6-ad5469404be3 to remote] DEBUG o.a.h.i.conn.tsccm.ConnPoolByRoute - Releasing connection [{}->http://127.0.0.1:7055][null]
16:09:22.020 [Forwarding findElement on session 60dae0ef-7fe4-4fac-8da6-ad5469404be3 to remote] DEBUG o.a.h.i.conn.DefaultClientConnection - Connection 0.0.0.0:63187<->127.0.0.1:7055 closed
16:09:22.020 [Forwarding findElement on session 60dae0ef-7fe4-4fac-8da6-ad5469404be3 to remote] DEBUG o.a.h.i.conn.tsccm.ConnPoolByRoute - Notifying no-one, there are no waiting threads
16:09:22.020 [Forwarding findElement on session 60dae0ef-7fe4-4fac-8da6-ad5469404be3 to remote] DEBUG o.o.selenium.remote.RemoteWebDriver - Executed: [60dae0ef-7fe4-4fac-8da6-ad5469404be3, findElement {using=name, value=loginPortlet_homepage{actionForm.userName}}]
16:09:22.021 [Forwarding clearElement on session 60dae0ef-7fe4-4fac-8da6-ad5469404be3 to remote] DEBUG o.o.selenium.remote.RemoteWebDriver - Executing: clearElement [60dae0ef-7fe4-4fac-8da6-ad5469404be3, clearElement {id={f0109141-4c4f-4420-9bef-0f5f0a57bf35}}]
16:09:22.022 [Forwarding clearElement on session 60dae0ef-7fe4-4fac-8da6-ad5469404be3 to remote] DEBUG o.a.h.i.c.t.ThreadSafeClientConnManager - Get connection: {}->http://127.0.0.1:7055, timeout = 120000
16:09:22.022 [Forwarding clearElement on session 60dae0ef-7fe4-4fac-8da6-ad5469404be3 to remote] DEBUG o.a.h.i.conn.tsccm.ConnPoolByRoute - [{}->http://127.0.0.1:7055] total kept alive: 0, total issued: 0, total allocated: 0 out of 2000
16:09:22.022 [Forwarding clearElement on session 60dae0ef-7fe4-4fac-8da6-ad5469404be3 to remote] DEBUG o.a.h.i.conn.tsccm.ConnPoolByRoute - No free connections [{}->http://127.0.0.1:7055][null]
16:09:22.022 [Forwarding clearElement on session 60dae0ef-7fe4-4fac-8da6-ad5469404be3 to remote] DEBUG o.a.h.i.conn.tsccm.ConnPoolByRoute - Available capacity: 2000 out of 2000 [{}->http://127.0.0.1:7055][null]
16:09:22.022 [Forwarding clearElement on session 60dae0ef-7fe4-4fac-8da6-ad5469404be3 to remote] DEBUG o.a.h.i.conn.tsccm.ConnPoolByRoute - Creating new connection [{}->http://127.0.0.1:7055]
16:09:22.023 [Forwarding clearElement on session 60dae0ef-7fe4-4fac-8da6-ad5469404be3 to remote] DEBUG o.a.h.i.c.DefaultClientConnectionOperator - Connecting to 127.0.0.1:7055
16:09:22.025 [Forwarding clearElement on session 60dae0ef-7fe4-4fac-8da6-ad5469404be3 to remote] DEBUG o.a.h.c.protocol.RequestAddCookies - CookieSpec selected: best-match
16:09:22.025 [Forwarding clearElement on session 60dae0ef-7fe4-4fac-8da6-ad5469404be3 to remote] DEBUG o.a.h.c.protocol.RequestAuthCache - Auth cache not set in the context
16:09:22.025 [Forwarding clearElement on session 60dae0ef-7fe4-4fac-8da6-ad5469404be3 to remote] DEBUG o.a.h.c.p.RequestTargetAuthentication - Target auth state: UNCHALLENGED
16:09:22.026 [Forwarding clearElement on session 60dae0ef-7fe4-4fac-8da6-ad5469404be3 to remote] DEBUG o.a.h.c.p.RequestProxyAuthentication - Proxy auth state: UNCHALLENGED
16:09:22.026 [Forwarding clearElement on session 60dae0ef-7fe4-4fac-8da6-ad5469404be3 to remote] DEBUG o.a.h.impl.client.DefaultHttpClient - Attempt 1 to execute request
16:09:22.026 [Forwarding clearElement on session 60dae0ef-7fe4-4fac-8da6-ad5469404be3 to remote] DEBUG o.a.h.i.conn.DefaultClientConnection - Sending request: POST /hub/session/60dae0ef-7fe4-4fac-8da6-ad5469404be3/element/%7Bf0109141-4c4f-4420-9bef-0f5f0a57bf35%7D/clear HTTP/1.1
16:09:22.027 [Forwarding clearElement on session 60dae0ef-7fe4-4fac-8da6-ad5469404be3 to remote] DEBUG org.apache.http.wire - >> "POST /hub/session/60dae0ef-7fe4-4fac-8da6-ad5469404be3/element/%7Bf0109141-4c4f-4420-9bef-0f5f0a57bf35%7D/clear HTTP/1.1[\r][\n]"
16:09:22.027 [Forwarding clearElement on session 60dae0ef-7fe4-4fac-8da6-ad5469404be3 to remote] DEBUG org.apache.http.wire - >> "Accept: application/json, image/png[\r][\n]"
16:09:22.027 [Forwarding clearElement on session 60dae0ef-7fe4-4fac-8da6-ad5469404be3 to remote] DEBUG org.apache.http.wire - >> "Content-Type: application/json; charset=utf-8[\r][\n]"
16:09:22.027 [Forwarding clearElement on session 60dae0ef-7fe4-4fac-8da6-ad5469404be3 to remote] DEBUG org.apache.http.wire - >> "Content-Length: 47[\r][\n]"
16:09:22.027 [Forwarding clearElement on session 60dae0ef-7fe4-4fac-8da6-ad5469404be3 to remote] DEBUG org.apache.http.wire - >> "Host: 127.0.0.1:7055[\r][\n]"
16:09:22.027 [Forwarding clearElement on session 60dae0ef-7fe4-4fac-8da6-ad5469404be3 to remote] DEBUG org.apache.http.wire - >> "Connection: Keep-Alive[\r][\n]"
16:09:22.027 [Forwarding clearElement on session 60dae0ef-7fe4-4fac-8da6-ad5469404be3 to remote] DEBUG org.apache.http.wire - >> "[\r][\n]"
16:09:22.028 [Forwarding clearElement on session 60dae0ef-7fe4-4fac-8da6-ad5469404be3 to remote] DEBUG org.apache.http.headers - >> POST /hub/session/60dae0ef-7fe4-4fac-8da6-ad5469404be3/element/%7Bf0109141-4c4f-4420-9bef-0f5f0a57bf35%7D/clear HTTP/1.1
16:09:22.028 [Forwarding clearElement on session 60dae0ef-7fe4-4fac-8da6-ad5469404be3 to remote] DEBUG org.apache.http.headers - >> Accept: application/json, image/png
16:09:22.028 [Forwarding clearElement on session 60dae0ef-7fe4-4fac-8da6-ad5469404be3 to remote] DEBUG org.apache.http.headers - >> Content-Type: application/json; charset=utf-8
16:09:22.028 [Forwarding clearElement on session 60dae0ef-7fe4-4fac-8da6-ad5469404be3 to remote] DEBUG org.apache.http.headers - >> Content-Length: 47
16:09:22.028 [Forwarding clearElement on session 60dae0ef-7fe4-4fac-8da6-ad5469404be3 to remote] DEBUG org.apache.http.headers - >> Host: 127.0.0.1:7055
16:09:22.028 [Forwarding clearElement on session 60dae0ef-7fe4-4fac-8da6-ad5469404be3 to remote] DEBUG org.apache.http.headers - >> Connection: Keep-Alive
16:09:22.028 [Forwarding clearElement on session 60dae0ef-7fe4-4fac-8da6-ad5469404be3 to remote] DEBUG org.apache.http.wire - >> "{"id":"{f0109141-4c4f-4420-9bef-0f5f0a57bf35}"}"
16:09:22.082 [Forwarding clearElement on session 60dae0ef-7fe4-4fac-8da6-ad5469404be3 to remote] DEBUG org.apache.http.wire - << "HTTP/1.1 200 OK[\r][\n]"
16:09:22.083 [Forwarding clearElement on session 60dae0ef-7fe4-4fac-8da6-ad5469404be3 to remote] DEBUG org.apache.http.wire - << "content-type: application/json; charset=UTF-8[\r][\n]"
16:09:22.083 [Forwarding clearElement on session 60dae0ef-7fe4-4fac-8da6-ad5469404be3 to remote] DEBUG org.apache.http.wire - << "connection: close[\r][\n]"
16:09:22.083 [Forwarding clearElement on session 60dae0ef-7fe4-4fac-8da6-ad5469404be3 to remote] DEBUG org.apache.http.wire - << "content-length: 96[\r][\n]"
16:09:22.083 [Forwarding clearElement on session 60dae0ef-7fe4-4fac-8da6-ad5469404be3 to remote] DEBUG org.apache.http.wire - << "server: httpd.js[\r][\n]"
16:09:22.083 [Forwarding clearElement on session 60dae0ef-7fe4-4fac-8da6-ad5469404be3 to remote] DEBUG org.apache.http.wire - << "date: Tue, 22 Oct 2013 20:09:22 GMT[\r][\n]"
16:09:22.083 [Forwarding clearElement on session 60dae0ef-7fe4-4fac-8da6-ad5469404be3 to remote] DEBUG org.apache.http.wire - << "[\r][\n]"
16:09:22.084 [Forwarding clearElement on session 60dae0ef-7fe4-4fac-8da6-ad5469404be3 to remote] DEBUG o.a.h.i.conn.DefaultClientConnection - Receiving response: HTTP/1.1 200 OK
16:09:22.084 [Forwarding clearElement on session 60dae0ef-7fe4-4fac-8da6-ad5469404be3 to remote] DEBUG org.apache.http.headers - << HTTP/1.1 200 OK
16:09:22.084 [Forwarding clearElement on session 60dae0ef-7fe4-4fac-8da6-ad5469404be3 to remote] DEBUG org.apache.http.headers - << content-type: application/json; charset=UTF-8
16:09:22.084 [Forwarding clearElement on session 60dae0ef-7fe4-4fac-8da6-ad5469404be3 to remote] DEBUG org.apache.http.headers - << connection: close
16:09:22.084 [Forwarding clearElement on session 60dae0ef-7fe4-4fac-8da6-ad5469404be3 to remote] DEBUG org.apache.http.headers - << content-length: 96
16:09:22.084 [Forwarding clearElement on session 60dae0ef-7fe4-4fac-8da6-ad5469404be3 to remote] DEBUG org.apache.http.headers - << server: httpd.js
16:09:22.084 [Forwarding clearElement on session 60dae0ef-7fe4-4fac-8da6-ad5469404be3 to remote] DEBUG org.apache.http.headers - << date: Tue, 22 Oct 2013 20:09:22 GMT
16:09:22.085 [Forwarding clearElement on session 60dae0ef-7fe4-4fac-8da6-ad5469404be3 to remote] DEBUG org.apache.http.wire - << "{"name":"clearElement","sessionId":"60dae0ef-7fe4-4fac-8da6-ad5469404be3","status":0,"value":""}"
16:09:22.085 [Forwarding clearElement on session 60dae0ef-7fe4-4fac-8da6-ad5469404be3 to remote] DEBUG o.a.h.i.conn.DefaultClientConnection - Connection 0.0.0.0:63188<->127.0.0.1:7055 shut down
16:09:22.085 [Forwarding clearElement on session 60dae0ef-7fe4-4fac-8da6-ad5469404be3 to remote] DEBUG o.a.h.i.c.t.ThreadSafeClientConnManager - Released connection is not reusable.
16:09:22.086 [Forwarding clearElement on session 60dae0ef-7fe4-4fac-8da6-ad5469404be3 to remote] DEBUG o.a.h.i.conn.tsccm.ConnPoolByRoute - Releasing connection [{}->http://127.0.0.1:7055][null]
16:09:22.086 [Forwarding clearElement on session 60dae0ef-7fe4-4fac-8da6-ad5469404be3 to remote] DEBUG o.a.h.i.conn.DefaultClientConnection - Connection 0.0.0.0:63188<->127.0.0.1:7055 closed
16:09:22.086 [Forwarding clearElement on session 60dae0ef-7fe4-4fac-8da6-ad5469404be3 to remote] DEBUG o.a.h.i.conn.tsccm.ConnPoolByRoute - Notifying no-one, there are no waiting threads
16:09:22.086 [Forwarding clearElement on session 60dae0ef-7fe4-4fac-8da6-ad5469404be3 to remote] DEBUG o.o.selenium.remote.RemoteWebDriver - Executed: [60dae0ef-7fe4-4fac-8da6-ad5469404be3, clearElement {id={f0109141-4c4f-4420-9bef-0f5f0a57bf35}}]
16:09:22.087 [Forwarding findElement on session 60dae0ef-7fe4-4fac-8da6-ad5469404be3 to remote] DEBUG o.o.selenium.remote.RemoteWebDriver - Executing: findElement [60dae0ef-7fe4-4fac-8da6-ad5469404be3, findElement {using=name, value=loginPortlet_homepage{actionForm.userName}}]
16:09:22.087 [Forwarding findElement on session 60dae0ef-7fe4-4fac-8da6-ad5469404be3 to remote] DEBUG o.a.h.i.c.t.ThreadSafeClientConnManager - Get connection: {}->http://127.0.0.1:7055, timeout = 120000
16:09:22.088 [Forwarding findElement on session 60dae0ef-7fe4-4fac-8da6-ad5469404be3 to remote] DEBUG o.a.h.i.conn.tsccm.ConnPoolByRoute - [{}->http://127.0.0.1:7055] total kept alive: 0, total issued: 0, total allocated: 0 out of 2000
16:09:22.089 [Forwarding findElement on session 60dae0ef-7fe4-4fac-8da6-ad5469404be3 to remote] DEBUG o.a.h.i.conn.tsccm.ConnPoolByRoute - No free connections [{}->http://127.0.0.1:7055][null]
16:09:22.089 [Forwarding findElement on session 60dae0ef-7fe4-4fac-8da6-ad5469404be3 to remote] DEBUG o.a.h.i.conn.tsccm.ConnPoolByRoute - Available capacity: 2000 out of 2000 [{}->http://127.0.0.1:7055][null]
16:09:22.089 [Forwarding findElement on session 60dae0ef-7fe4-4fac-8da6-ad5469404be3 to remote] DEBUG o.a.h.i.conn.tsccm.ConnPoolByRoute - Creating new connection [{}->http://127.0.0.1:7055]
16:09:22.090 [Forwarding findElement on session 60dae0ef-7fe4-4fac-8da6-ad5469404be3 to remote] DEBUG o.a.h.i.c.DefaultClientConnectionOperator - Connecting to 127.0.0.1:7055
16:09:22.091 [Forwarding findElement on session 60dae0ef-7fe4-4fac-8da6-ad5469404be3 to remote] DEBUG o.a.h.c.protocol.RequestAddCookies - CookieSpec selected: best-match
16:09:22.092 [Forwarding findElement on session 60dae0ef-7fe4-4fac-8da6-ad5469404be3 to remote] DEBUG o.a.h.c.protocol.RequestAuthCache - Auth cache not set in the context
16:09:22.092 [Forwarding findElement on session 60dae0ef-7fe4-4fac-8da6-ad5469404be3 to remote] DEBUG o.a.h.c.p.RequestTargetAuthentication - Target auth state: UNCHALLENGED
16:09:22.092 [Forwarding findElement on session 60dae0ef-7fe4-4fac-8da6-ad5469404be3 to remote] DEBUG o.a.h.c.p.RequestProxyAuthentication - Proxy auth state: UNCHALLENGED
16:09:22.092 [Forwarding findElement on session 60dae0ef-7fe4-4fac-8da6-ad5469404be3 to remote] DEBUG o.a.h.impl.client.DefaultHttpClient - Attempt 1 to execute request
16:09:22.092 [Forwarding findElement on session 60dae0ef-7fe4-4fac-8da6-ad5469404be3 to remote] DEBUG o.a.h.i.conn.DefaultClientConnection - Sending request: POST /hub/session/60dae0ef-7fe4-4fac-8da6-ad5469404be3/element HTTP/1.1
16:09:22.092 [Forwarding findElement on session 60dae0ef-7fe4-4fac-8da6-ad5469404be3 to remote] DEBUG org.apache.http.wire - >> "POST /hub/session/60dae0ef-7fe4-4fac-8da6-ad5469404be3/element HTTP/1.1[\r][\n]"
16:09:22.092 [Forwarding findElement on session 60dae0ef-7fe4-4fac-8da6-ad5469404be3 to remote] DEBUG org.apache.http.wire - >> "Accept: application/json, image/png[\r][\n]"
16:09:22.093 [Forwarding findElement on session 60dae0ef-7fe4-4fac-8da6-ad5469404be3 to remote] DEBUG org.apache.http.wire - >> "Content-Type: application/json; charset=utf-8[\r][\n]"
16:09:22.093 [Forwarding findElement on session 60dae0ef-7fe4-4fac-8da6-ad5469404be3 to remote] DEBUG org.apache.http.wire - >> "Content-Length: 69[\r][\n]"
16:09:22.093 [Forwarding findElement on session 60dae0ef-7fe4-4fac-8da6-ad5469404be3 to remote] DEBUG org.apache.http.wire - >> "Host: 127.0.0.1:7055[\r][\n]"
16:09:22.093 [Forwarding findElement on session 60dae0ef-7fe4-4fac-8da6-ad5469404be3 to remote] DEBUG org.apache.http.wire - >> "Connection: Keep-Alive[\r][\n]"
16:09:22.093 [Forwarding findElement on session 60dae0ef-7fe4-4fac-8da6-ad5469404be3 to remote] DEBUG org.apache.http.wire - >> "[\r][\n]"
16:09:22.093 [Forwarding findElement on session 60dae0ef-7fe4-4fac-8da6-ad5469404be3 to remote] DEBUG org.apache.http.headers - >> POST /hub/session/60dae0ef-7fe4-4fac-8da6-ad5469404be3/element HTTP/1.1
16:09:22.093 [Forwarding findElement on session 60dae0ef-7fe4-4fac-8da6-ad5469404be3 to remote] DEBUG org.apache.http.headers - >> Accept: application/json, image/png
16:09:22.094 [Forwarding findElement on session 60dae0ef-7fe4-4fac-8da6-ad5469404be3 to remote] DEBUG org.apache.http.headers - >> Content-Type: application/json; charset=utf-8
16:09:22.094 [Forwarding findElement on session 60dae0ef-7fe4-4fac-8da6-ad5469404be3 to remote] DEBUG org.apache.http.headers - >> Content-Length: 69
16:09:22.094 [Forwarding findElement on session 60dae0ef-7fe4-4fac-8da6-ad5469404be3 to remote] DEBUG org.apache.http.headers - >> Host: 127.0.0.1:7055
16:09:22.094 [Forwarding findElement on session 60dae0ef-7fe4-4fac-8da6-ad5469404be3 to remote] DEBUG org.apache.http.headers - >> Connection: Keep-Alive
16:09:22.094 [Forwarding findElement on session 60dae0ef-7fe4-4fac-8da6-ad5469404be3 to remote] DEBUG org.apache.http.wire - >> "{"using":"name","value":"loginPortlet_homepage{actionForm.userName}"}"
16:09:22.105 [Forwarding findElement on session 60dae0ef-7fe4-4fac-8da6-ad5469404be3 to remote] DEBUG org.apache.http.wire - << "HTTP/1.1 200 OK[\r][\n]"
16:09:22.105 [Forwarding findElement on session 60dae0ef-7fe4-4fac-8da6-ad5469404be3 to remote] DEBUG org.apache.http.wire - << "content-type: application/json; charset=UTF-8[\r][\n]"
16:09:22.105 [Forwarding findElement on session 60dae0ef-7fe4-4fac-8da6-ad5469404be3 to remote] DEBUG org.apache.http.wire - << "connection: close[\r][\n]"
16:09:22.106 [Forwarding findElement on session 60dae0ef-7fe4-4fac-8da6-ad5469404be3 to remote] DEBUG org.apache.http.wire - << "content-length: 145[\r][\n]"
16:09:22.106 [Forwarding findElement on session 60dae0ef-7fe4-4fac-8da6-ad5469404be3 to remote] DEBUG org.apache.http.wire - << "server: httpd.js[\r][\n]"
16:09:22.106 [Forwarding findElement on session 60dae0ef-7fe4-4fac-8da6-ad5469404be3 to remote] DEBUG org.apache.http.wire - << "date: Tue, 22 Oct 2013 20:09:22 GMT[\r][\n]"
16:09:22.106 [Forwarding findElement on session 60dae0ef-7fe4-4fac-8da6-ad5469404be3 to remote] DEBUG org.apache.http.wire - << "[\r][\n]"
16:09:22.106 [Forwarding findElement on session 60dae0ef-7fe4-4fac-8da6-ad5469404be3 to remote] DEBUG o.a.h.i.conn.DefaultClientConnection - Receiving response: HTTP/1.1 200 OK
16:09:22.106 [Forwarding findElement on session 60dae0ef-7fe4-4fac-8da6-ad5469404be3 to remote] DEBUG org.apache.http.headers - << HTTP/1.1 200 OK
16:09:22.106 [Forwarding findElement on session 60dae0ef-7fe4-4fac-8da6-ad5469404be3 to remote] DEBUG org.apache.http.headers - << content-type: application/json; charset=UTF-8
16:09:22.106 [Forwarding findElement on session 60dae0ef-7fe4-4fac-8da6-ad5469404be3 to remote] DEBUG org.apache.http.headers - << connection: close
16:09:22.106 [Forwarding findElement on session 60dae0ef-7fe4-4fac-8da6-ad5469404be3 to remote] DEBUG org.apache.http.headers - << content-length: 145
16:09:22.107 [Forwarding findElement on session 60dae0ef-7fe4-4fac-8da6-ad5469404be3 to remote] DEBUG org.apache.http.headers - << server: httpd.js
16:09:22.107 [Forwarding findElement on session 60dae0ef-7fe4-4fac-8da6-ad5469404be3 to remote] DEBUG org.apache.http.headers - << date: Tue, 22 Oct 2013 20:09:22 GMT
16:09:22.107 [Forwarding findElement on session 60dae0ef-7fe4-4fac-8da6-ad5469404be3 to remote] DEBUG org.apache.http.wire - << "{"name":"findElement","sessionId":"60dae0ef-7fe4-4fac-8da6-ad5469404be3","status":0,"value":{"ELEMENT":"{f0109141-4c4f-4420-9bef-0f5f0a57bf35}"}}"
16:09:22.108 [Forwarding findElement on session 60dae0ef-7fe4-4fac-8da6-ad5469404be3 to remote] DEBUG o.a.h.i.conn.DefaultClientConnection - Connection 0.0.0.0:63189<->127.0.0.1:7055 shut down
16:09:22.108 [Forwarding findElement on session 60dae0ef-7fe4-4fac-8da6-ad5469404be3 to remote] DEBUG o.a.h.i.c.t.ThreadSafeClientConnManager - Released connection is not reusable.
16:09:22.108 [Forwarding findElement on session 60dae0ef-7fe4-4fac-8da6-ad5469404be3 to remote] DEBUG o.a.h.i.conn.tsccm.ConnPoolByRoute - Releasing connection [{}->http://127.0.0.1:7055][null]
16:09:22.108 [Forwarding findElement on session 60dae0ef-7fe4-4fac-8da6-ad5469404be3 to remote] DEBUG o.a.h.i.conn.DefaultClientConnection - Connection 0.0.0.0:63189<->127.0.0.1:7055 closed
16:09:22.108 [Forwarding findElement on session 60dae0ef-7fe4-4fac-8da6-ad5469404be3 to remote] DEBUG o.a.h.i.conn.tsccm.ConnPoolByRoute - Notifying no-one, there are no waiting threads
16:09:22.108 [Forwarding findElement on session 60dae0ef-7fe4-4fac-8da6-ad5469404be3 to remote] DEBUG o.o.selenium.remote.RemoteWebDriver - Executed: [60dae0ef-7fe4-4fac-8da6-ad5469404be3, findElement {using=name, value=loginPortlet_homepage{actionForm.userName}}]
16:09:22.109 [Forwarding sendKeysToElement on session 60dae0ef-7fe4-4fac-8da6-ad5469404be3 to remote] DEBUG o.o.selenium.remote.RemoteWebDriver - Executing: sendKeysToElement [60dae0ef-7fe4-4fac-8da6-ad5469404be3, sendKeysToElement {id={f0109141-4c4f-4420-9bef-0f5f0a57bf35}, value=[Ljava.lang.CharSequence;@17cef68c}]
16:09:22.110 [Forwarding sendKeysToElement on session 60dae0ef-7fe4-4fac-8da6-ad5469404be3 to remote] DEBUG o.a.h.i.c.t.ThreadSafeClientConnManager - Get connection: {}->http://127.0.0.1:7055, timeout = 120000
16:09:22.110 [Forwarding sendKeysToElement on session 60dae0ef-7fe4-4fac-8da6-ad5469404be3 to remote] DEBUG o.a.h.i.conn.tsccm.ConnPoolByRoute - [{}->http://127.0.0.1:7055] total kept alive: 0, total issued: 0, total allocated: 0 out of 2000
16:09:22.110 [Forwarding sendKeysToElement on session 60dae0ef-7fe4-4fac-8da6-ad5469404be3 to remote] DEBUG o.a.h.i.conn.tsccm.ConnPoolByRoute - No free connections [{}->http://127.0.0.1:7055][null]
16:09:22.110 [Forwarding sendKeysToElement on session 60dae0ef-7fe4-4fac-8da6-ad5469404be3 to remote] DEBUG o.a.h.i.conn.tsccm.ConnPoolByRoute - Available capacity: 2000 out of 2000 [{}->http://127.0.0.1:7055][null]
16:09:22.110 [Forwarding sendKeysToElement on session 60dae0ef-7fe4-4fac-8da6-ad5469404be3 to remote] DEBUG o.a.h.i.conn.tsccm.ConnPoolByRoute - Creating new connection [{}->http://127.0.0.1:7055]
16:09:22.111 [Forwarding sendKeysToElement on session 60dae0ef-7fe4-4fac-8da6-ad5469404be3 to remote] DEBUG o.a.h.i.c.DefaultClientConnectionOperator - Connecting to 127.0.0.1:7055
16:09:22.113 [Forwarding sendKeysToElement on session 60dae0ef-7fe4-4fac-8da6-ad5469404be3 to remote] DEBUG o.a.h.c.protocol.RequestAddCookies - CookieSpec selected: best-match
16:09:22.113 [Forwarding sendKeysToElement on session 60dae0ef-7fe4-4fac-8da6-ad5469404be3 to remote] DEBUG o.a.h.c.protocol.RequestAuthCache - Auth cache not set in the context
16:09:22.113 [Forwarding sendKeysToElement on session 60dae0ef-7fe4-4fac-8da6-ad5469404be3 to remote] DEBUG o.a.h.c.p.RequestTargetAuthentication - Target auth state: UNCHALLENGED
16:09:22.113 [Forwarding sendKeysToElement on session 60dae0ef-7fe4-4fac-8da6-ad5469404be3 to remote] DEBUG o.a.h.c.p.RequestProxyAuthentication - Proxy auth state: UNCHALLENGED
16:09:22.113 [Forwarding sendKeysToElement on session 60dae0ef-7fe4-4fac-8da6-ad5469404be3 to remote] DEBUG o.a.h.impl.client.DefaultHttpClient - Attempt 1 to execute request
16:09:22.113 [Forwarding sendKeysToElement on session 60dae0ef-7fe4-4fac-8da6-ad5469404be3 to remote] DEBUG o.a.h.i.conn.DefaultClientConnection - Sending request: POST /hub/session/60dae0ef-7fe4-4fac-8da6-ad5469404be3/element/%7Bf0109141-4c4f-4420-9bef-0f5f0a57bf35%7D/value HTTP/1.1
16:09:22.114 [Forwarding sendKeysToElement on session 60dae0ef-7fe4-4fac-8da6-ad5469404be3 to remote] DEBUG org.apache.http.wire - >> "POST /hub/session/60dae0ef-7fe4-4fac-8da6-ad5469404be3/element/%7Bf0109141-4c4f-4420-9bef-0f5f0a57bf35%7D/value HTTP/1.1[\r][\n]"
16:09:22.114 [Forwarding sendKeysToElement on session 60dae0ef-7fe4-4fac-8da6-ad5469404be3 to remote] DEBUG org.apache.http.wire - >> "Accept: application/json, image/png[\r][\n]"
16:09:22.114 [Forwarding sendKeysToElement on session 60dae0ef-7fe4-4fac-8da6-ad5469404be3 to remote] DEBUG org.apache.http.wire - >> "Content-Type: application/json; charset=utf-8[\r][\n]"
16:09:22.114 [Forwarding sendKeysToElement on session 60dae0ef-7fe4-4fac-8da6-ad5469404be3 to remote] DEBUG org.apache.http.wire - >> "Content-Length: 69[\r][\n]"
16:09:22.114 [Forwarding sendKeysToElement on session 60dae0ef-7fe4-4fac-8da6-ad5469404be3 to remote] DEBUG org.apache.http.wire - >> "Host: 127.0.0.1:7055[\r][\n]"
16:09:22.114 [Forwarding sendKeysToElement on session 60dae0ef-7fe4-4fac-8da6-ad5469404be3 to remote] DEBUG org.apache.http.wire - >> "Connection: Keep-Alive[\r][\n]"
16:09:22.114 [Forwarding sendKeysToElement on session 60dae0ef-7fe4-4fac-8da6-ad5469404be3 to remote] DEBUG org.apache.http.wire - >> "[\r][\n]"
16:09:22.114 [Forwarding sendKeysToElement on session 60dae0ef-7fe4-4fac-8da6-ad5469404be3 to remote] DEBUG org.apache.http.headers - >> POST /hub/session/60dae0ef-7fe4-4fac-8da6-ad5469404be3/element/%7Bf0109141-4c4f-4420-9bef-0f5f0a57bf35%7D/value HTTP/1.1
16:09:22.115 [Forwarding sendKeysToElement on session 60dae0ef-7fe4-4fac-8da6-ad5469404be3 to remote] DEBUG org.apache.http.headers - >> Accept: application/json, image/png
16:09:22.115 [Forwarding sendKeysToElement on session 60dae0ef-7fe4-4fac-8da6-ad5469404be3 to remote] DEBUG org.apache.http.headers - >> Content-Type: application/json; charset=utf-8
16:09:22.115 [Forwarding sendKeysToElement on session 60dae0ef-7fe4-4fac-8da6-ad5469404be3 to remote] DEBUG org.apache.http.headers - >> Content-Length: 69
16:09:22.115 [Forwarding sendKeysToElement on session 60dae0ef-7fe4-4fac-8da6-ad5469404be3 to remote] DEBUG org.apache.http.headers - >> Host: 127.0.0.1:7055
[...]
16:10:51.381 [Forwarding findElement on session 8b6f7153-11bc-49ec-8186-3c710570bae6 to remote] DEBUG org.apache.http.wire - << "content-length: 145[\r][\n]"
16:10:51.381 [Forwarding findElement on session 8b6f7153-11bc-49ec-8186-3c710570bae6 to remote] DEBUG org.apache.http.wire - << "server: httpd.js[\r][\n]"
16:10:51.381 [Forwarding findElement on session 8b6f7153-11bc-49ec-8186-3c710570bae6 to remote] DEBUG org.apache.http.wire - << "date: Tue, 22 Oct 2013 20:10:51 GMT[\r][\n]"
16:10:51.382 [Forwarding findElement on session 8b6f7153-11bc-49ec-8186-3c710570bae6 to remote] DEBUG org.apache.http.wire - << "[\r][\n]"
16:10:51.382 [Forwarding findElement on session 8b6f7153-11bc-49ec-8186-3c710570bae6 to remote] DEBUG o.a.h.i.conn.DefaultClientConnection - Receiving response: HTTP/1.1 200 OK
16:10:51.382 [Forwarding findElement on session 8b6f7153-11bc-49ec-8186-3c710570bae6 to remote] DEBUG org.apache.http.headers - << HTTP/1.1 200 OK
16:10:51.382 [Forwarding findElement on session 8b6f7153-11bc-49ec-8186-3c710570bae6 to remote] DEBUG org.apache.http.headers - << content-type: application/json; charset=UTF-8
16:10:51.382 [Forwarding findElement on session 8b6f7153-11bc-49ec-8186-3c710570bae6 to remote] DEBUG org.apache.http.headers - << connection: close
16:10:51.382 [Forwarding findElement on session 8b6f7153-11bc-49ec-8186-3c710570bae6 to remote] DEBUG org.apache.http.headers - << content-length: 145
16:10:51.382 [Forwarding findElement on session 8b6f7153-11bc-49ec-8186-3c710570bae6 to remote] DEBUG org.apache.http.headers - << server: httpd.js
16:10:51.382 [Forwarding findElement on session 8b6f7153-11bc-49ec-8186-3c710570bae6 to remote] DEBUG org.apache.http.headers - << date: Tue, 22 Oct 2013 20:10:51 GMT
16:10:51.382 [Forwarding findElement on session 8b6f7153-11bc-49ec-8186-3c710570bae6 to remote] DEBUG org.apache.http.wire - << "{"name":"findElement","sessionId":"8b6f7153-11bc-49ec-8186-3c710570bae6","status":0,"value":{"ELEMENT":"{70219183-25da-4543-8681-09025f663c5b}"}}"
16:10:51.383 [Forwarding findElement on session 8b6f7153-11bc-49ec-8186-3c710570bae6 to remote] DEBUG o.a.h.i.conn.DefaultClientConnection - Connection 0.0.0.0:55955<->127.0.0.1:7055 shut down
16:10:51.383 [Forwarding findElement on session 8b6f7153-11bc-49ec-8186-3c710570bae6 to remote] DEBUG o.a.h.i.c.t.ThreadSafeClientConnManager - Released connection is not reusable.
16:10:51.383 [Forwarding findElement on session 8b6f7153-11bc-49ec-8186-3c710570bae6 to remote] DEBUG o.a.h.i.conn.tsccm.ConnPoolByRoute - Releasing connection [{}->http://127.0.0.1:7055][null]
16:10:51.383 [Forwarding findElement on session 8b6f7153-11bc-49ec-8186-3c710570bae6 to remote] DEBUG o.a.h.i.conn.DefaultClientConnection - Connection 0.0.0.0:55955<->127.0.0.1:7055 closed
16:10:51.383 [Forwarding findElement on session 8b6f7153-11bc-49ec-8186-3c710570bae6 to remote] DEBUG o.a.h.i.conn.tsccm.ConnPoolByRoute - Notifying no-one, there are no waiting threads
16:10:51.383 [Forwarding findElement on session 8b6f7153-11bc-49ec-8186-3c710570bae6 to remote] DEBUG o.o.selenium.remote.RemoteWebDriver - Executed: [8b6f7153-11bc-49ec-8186-3c710570bae6, findElement {using=link text, value=Logout}]
16:10:51.384 [Forwarding clickElement on session 8b6f7153-11bc-49ec-8186-3c710570bae6 to remote] DEBUG o.o.selenium.remote.RemoteWebDriver - Executing: clickElement [8b6f7153-11bc-49ec-8186-3c710570bae6, clickElement {id={70219183-25da-4543-8681-09025f663c5b}}]
16:10:51.384 [Forwarding clickElement on session 8b6f7153-11bc-49ec-8186-3c710570bae6 to remote] DEBUG o.a.h.i.c.t.ThreadSafeClientConnManager - Get connection: {}->http://127.0.0.1:7055, timeout = 120000
16:10:51.384 [Forwarding clickElement on session 8b6f7153-11bc-49ec-8186-3c710570bae6 to remote] DEBUG o.a.h.i.conn.tsccm.ConnPoolByRoute - [{}->http://127.0.0.1:7055] total kept alive: 0, total issued: 0, total allocated: 0 out of 2000
16:10:51.384 [Forwarding clickElement on session 8b6f7153-11bc-49ec-8186-3c710570bae6 to remote] DEBUG o.a.h.i.conn.tsccm.ConnPoolByRoute - No free connections [{}->http://127.0.0.1:7055][null]
16:10:51.384 [Forwarding clickElement on session 8b6f7153-11bc-49ec-8186-3c710570bae6 to remote] DEBUG o.a.h.i.conn.tsccm.ConnPoolByRoute - Available capacity: 2000 out of 2000 [{}->http://127.0.0.1:7055][null]
16:10:51.384 [Forwarding clickElement on session 8b6f7153-11bc-49ec-8186-3c710570bae6 to remote] DEBUG o.a.h.i.conn.tsccm.ConnPoolByRoute - Creating new connection [{}->http://127.0.0.1:7055]
16:10:51.384 [Forwarding clickElement on session 8b6f7153-11bc-49ec-8186-3c710570bae6 to remote] DEBUG o.a.h.i.c.DefaultClientConnectionOperator - Connecting to 127.0.0.1:7055
16:10:51.386 [Forwarding clickElement on session 8b6f7153-11bc-49ec-8186-3c710570bae6 to remote] DEBUG o.a.h.c.protocol.RequestAddCookies - CookieSpec selected: best-match
16:10:51.386 [Forwarding clickElement on session 8b6f7153-11bc-49ec-8186-3c710570bae6 to remote] DEBUG o.a.h.c.protocol.RequestAuthCache - Auth cache not set in the context
16:10:51.386 [Forwarding clickElement on session 8b6f7153-11bc-49ec-8186-3c710570bae6 to remote] DEBUG o.a.h.c.p.RequestTargetAuthentication - Target auth state: UNCHALLENGED
16:10:51.386 [Forwarding clickElement on session 8b6f7153-11bc-49ec-8186-3c710570bae6 to remote] DEBUG o.a.h.c.p.RequestProxyAuthentication - Proxy auth state: UNCHALLENGED
16:10:51.386 [Forwarding clickElement on session 8b6f7153-11bc-49ec-8186-3c710570bae6 to remote] DEBUG o.a.h.impl.client.DefaultHttpClient - Attempt 1 to execute request
16:10:51.386 [Forwarding clickElement on session 8b6f7153-11bc-49ec-8186-3c710570bae6 to remote] DEBUG o.a.h.i.conn.DefaultClientConnection - Sending request: POST /hub/session/8b6f7153-11bc-49ec-8186-3c710570bae6/element/%7B70219183-25da-4543-8681-09025f663c5b%7D/click HTTP/1.1
16:10:51.386 [Forwarding clickElement on session 8b6f7153-11bc-49ec-8186-3c710570bae6 to remote] DEBUG org.apache.http.wire - >> "POST /hub/session/8b6f7153-11bc-49ec-8186-3c710570bae6/element/%7B70219183-25da-4543-8681-09025f663c5b%7D/click HTTP/1.1[\r][\n]"
16:10:51.386 [Forwarding clickElement on session 8b6f7153-11bc-49ec-8186-3c710570bae6 to remote] DEBUG org.apache.http.wire - >> "Accept: application/json, image/png[\r][\n]"
16:10:51.387 [Forwarding clickElement on session 8b6f7153-11bc-49ec-8186-3c710570bae6 to remote] DEBUG org.apache.http.wire - >> "Content-Type: application/json; charset=utf-8[\r][\n]"
16:10:51.387 [Forwarding clickElement on session 8b6f7153-11bc-49ec-8186-3c710570bae6 to remote] DEBUG org.apache.http.wire - >> "Content-Length: 47[\r][\n]"
16:10:51.387 [Forwarding clickElement on session 8b6f7153-11bc-49ec-8186-3c710570bae6 to remote] DEBUG org.apache.http.wire - >> "Host: 127.0.0.1:7055[\r][\n]"
16:10:51.387 [Forwarding clickElement on session 8b6f7153-11bc-49ec-8186-3c710570bae6 to remote] DEBUG org.apache.http.wire - >> "Connection: Keep-Alive[\r][\n]"
16:10:51.387 [Forwarding clickElement on session 8b6f7153-11bc-49ec-8186-3c710570bae6 to remote] DEBUG org.apache.http.wire - >> "[\r][\n]"
16:10:51.387 [Forwarding clickElement on session 8b6f7153-11bc-49ec-8186-3c710570bae6 to remote] DEBUG org.apache.http.headers - >> POST /hub/session/8b6f7153-11bc-49ec-8186-3c710570bae6/element/%7B70219183-25da-4543-8681-09025f663c5b%7D/click HTTP/1.1
16:10:51.387 [Forwarding clickElement on session 8b6f7153-11bc-49ec-8186-3c710570bae6 to remote] DEBUG org.apache.http.headers - >> Accept: application/json, image/png
16:10:51.387 [Forwarding clickElement on session 8b6f7153-11bc-49ec-8186-3c710570bae6 to remote] DEBUG org.apache.http.headers - >> Content-Type: application/json; charset=utf-8
16:10:51.387 [Forwarding clickElement on session 8b6f7153-11bc-49ec-8186-3c710570bae6 to remote] DEBUG org.apache.http.headers - >> Content-Length: 47
16:10:51.387 [Forwarding clickElement on session 8b6f7153-11bc-49ec-8186-3c710570bae6 to remote] DEBUG org.apache.http.headers - >> Host: 127.0.0.1:7055
16:10:51.387 [Forwarding clickElement on session 8b6f7153-11bc-49ec-8186-3c710570bae6 to remote] DEBUG org.apache.http.headers - >> Connection: Keep-Alive
16:10:51.387 [Forwarding clickElement on session 8b6f7153-11bc-49ec-8186-3c710570bae6 to remote] DEBUG org.apache.http.wire - >> "{"id":"{70219183-25da-4543-8681-09025f663c5b}"}"
16:10:51.482 [Forwarding clickElement on session 8b6f7153-11bc-49ec-8186-3c710570bae6 to remote] DEBUG org.apache.http.wire - << "HTTP/1.1 200 OK[\r][\n]"
16:10:51.483 [Forwarding clickElement on session 8b6f7153-11bc-49ec-8186-3c710570bae6 to remote] DEBUG org.apache.http.wire - << "content-type: application/json; charset=UTF-8[\r][\n]"
16:10:51.483 [Forwarding clickElement on session 8b6f7153-11bc-49ec-8186-3c710570bae6 to remote] DEBUG org.apache.http.wire - << "connection: close[\r][\n]"
16:10:51.483 [Forwarding clickElement on session 8b6f7153-11bc-49ec-8186-3c710570bae6 to remote] DEBUG org.apache.http.wire - << "content-length: 98[\r][\n]"
16:10:51.483 [Forwarding clickElement on session 8b6f7153-11bc-49ec-8186-3c710570bae6 to remote] DEBUG org.apache.http.wire - << "server: httpd.js[\r][\n]"
16:10:51.483 [Forwarding clickElement on session 8b6f7153-11bc-49ec-8186-3c710570bae6 to remote] DEBUG org.apache.http.wire - << "date: Tue, 22 Oct 2013 20:10:51 GMT[\r][\n]"
16:10:51.483 [Forwarding clickElement on session 8b6f7153-11bc-49ec-8186-3c710570bae6 to remote] DEBUG org.apache.http.wire - << "[\r][\n]"
16:10:51.483 [Forwarding clickElement on session 8b6f7153-11bc-49ec-8186-3c710570bae6 to remote] DEBUG o.a.h.i.conn.DefaultClientConnection - Receiving response: HTTP/1.1 200 OK
16:10:51.483 [Forwarding clickElement on session 8b6f7153-11bc-49ec-8186-3c710570bae6 to remote] DEBUG org.apache.http.headers - << HTTP/1.1 200 OK
16:10:51.484 [Forwarding clickElement on session 8b6f7153-11bc-49ec-8186-3c710570bae6 to remote] DEBUG org.apache.http.headers - << content-type: application/json; charset=UTF-8
16:10:51.484 [Forwarding clickElement on session 8b6f7153-11bc-49ec-8186-3c710570bae6 to remote] DEBUG org.apache.http.headers - << connection: close
16:10:51.484 [Forwarding clickElement on session 8b6f7153-11bc-49ec-8186-3c710570bae6 to remote] DEBUG org.apache.http.headers - << content-length: 98
16:10:51.484 [Forwarding clickElement on session 8b6f7153-11bc-49ec-8186-3c710570bae6 to remote] DEBUG org.apache.http.headers - << server: httpd.js
16:10:51.484 [Forwarding clickElement on session 8b6f7153-11bc-49ec-8186-3c710570bae6 to remote] DEBUG org.apache.http.headers - << date: Tue, 22 Oct 2013 20:10:51 GMT
16:10:51.485 [Forwarding clickElement on session 8b6f7153-11bc-49ec-8186-3c710570bae6 to remote] DEBUG org.apache.http.wire - << "{"name":"clickElement","sessionId":"8b6f7153-11bc-49ec-8186-3c710570bae6","status":0,"value":"ok"}"
16:10:51.485 [Forwarding clickElement on session 8b6f7153-11bc-49ec-8186-3c710570bae6 to remote] DEBUG o.a.h.i.conn.DefaultClientConnection - Connection 0.0.0.0:55956<->127.0.0.1:7055 shut down
16:10:51.485 [Forwarding clickElement on session 8b6f7153-11bc-49ec-8186-3c710570bae6 to remote] DEBUG o.a.h.i.c.t.ThreadSafeClientConnManager - Released connection is not reusable.
16:10:51.485 [Forwarding clickElement on session 8b6f7153-11bc-49ec-8186-3c710570bae6 to remote] DEBUG o.a.h.i.conn.tsccm.ConnPoolByRoute - Releasing connection [{}->http://127.0.0.1:7055][null]
16:10:51.485 [Forwarding clickElement on session 8b6f7153-11bc-49ec-8186-3c710570bae6 to remote] DEBUG o.a.h.i.conn.DefaultClientConnection - Connection 0.0.0.0:55956<->127.0.0.1:7055 closed
16:10:51.485 [Forwarding clickElement on session 8b6f7153-11bc-49ec-8186-3c710570bae6 to remote] DEBUG o.a.h.i.conn.tsccm.ConnPoolByRoute - Notifying no-one, there are no waiting threads
16:10:51.485 [Forwarding clickElement on session 8b6f7153-11bc-49ec-8186-3c710570bae6 to remote] DEBUG o.o.selenium.remote.RemoteWebDriver - Executed: [8b6f7153-11bc-49ec-8186-3c710570bae6, clickElement {id={70219183-25da-4543-8681-09025f663c5b}}]
16:10:51.486 [main] INFO  org.automatedtesting.suites.Profile - ::The Logout button was clicked::
16:10:51.486 [Forwarding quit on session 8b6f7153-11bc-49ec-8186-3c710570bae6 to remote] DEBUG o.o.selenium.remote.RemoteWebDriver - Executing: quit [8b6f7153-11bc-49ec-8186-3c710570bae6, quit {}]
16:10:51.486 [Forwarding quit on session 8b6f7153-11bc-49ec-8186-3c710570bae6 to remote] DEBUG o.a.h.i.c.t.ThreadSafeClientConnManager - Get connection: {}->http://127.0.0.1:7055, timeout = 120000
16:10:51.486 [Forwarding quit on session 8b6f7153-11bc-49ec-8186-3c710570bae6 to remote] DEBUG o.a.h.i.conn.tsccm.ConnPoolByRoute - [{}->http://127.0.0.1:7055] total kept alive: 0, total issued: 0, total allocated: 0 out of 2000
16:10:51.486 [Forwarding quit on session 8b6f7153-11bc-49ec-8186-3c710570bae6 to remote] DEBUG o.a.h.i.conn.tsccm.ConnPoolByRoute - No free connections [{}->http://127.0.0.1:7055][null]
16:10:51.486 [Forwarding quit on session 8b6f7153-11bc-49ec-8186-3c710570bae6 to remote] DEBUG o.a.h.i.conn.tsccm.ConnPoolByRoute - Available capacity: 2000 out of 2000 [{}->http://127.0.0.1:7055][null]
16:10:51.486 [Forwarding quit on session 8b6f7153-11bc-49ec-8186-3c710570bae6 to remote] DEBUG o.a.h.i.conn.tsccm.ConnPoolByRoute - Creating new connection [{}->http://127.0.0.1:7055]
16:10:51.486 [Forwarding quit on session 8b6f7153-11bc-49ec-8186-3c710570bae6 to remote] DEBUG o.a.h.i.c.DefaultClientConnectionOperator - Connecting to 127.0.0.1:7055
16:10:51.488 [Forwarding quit on session 8b6f7153-11bc-49ec-8186-3c710570bae6 to remote] DEBUG o.a.h.c.protocol.RequestAddCookies - CookieSpec selected: best-match
16:10:51.489 [Forwarding quit on session 8b6f7153-11bc-49ec-8186-3c710570bae6 to remote] DEBUG o.a.h.c.protocol.RequestAuthCache - Auth cache not set in the context
16:10:51.489 [Forwarding quit on session 8b6f7153-11bc-49ec-8186-3c710570bae6 to remote] DEBUG o.a.h.c.p.RequestTargetAuthentication - Target auth state: UNCHALLENGED
16:10:51.489 [Forwarding quit on session 8b6f7153-11bc-49ec-8186-3c710570bae6 to remote] DEBUG o.a.h.c.p.RequestProxyAuthentication - Proxy auth state: UNCHALLENGED
16:10:51.489 [Forwarding quit on session 8b6f7153-11bc-49ec-8186-3c710570bae6 to remote] DEBUG o.a.h.impl.client.DefaultHttpClient - Attempt 1 to execute request
16:10:51.489 [Forwarding quit on session 8b6f7153-11bc-49ec-8186-3c710570bae6 to remote] DEBUG o.a.h.i.conn.DefaultClientConnection - Sending request: DELETE /hub/session/8b6f7153-11bc-49ec-8186-3c710570bae6 HTTP/1.1
16:10:51.489 [Forwarding quit on session 8b6f7153-11bc-49ec-8186-3c710570bae6 to remote] DEBUG org.apache.http.wire - >> "DELETE /hub/session/8b6f7153-11bc-49ec-8186-3c710570bae6 HTTP/1.1[\r][\n]"
16:10:51.489 [Forwarding quit on session 8b6f7153-11bc-49ec-8186-3c710570bae6 to remote] DEBUG org.apache.http.wire - >> "Accept: application/json, image/png[\r][\n]"
16:10:51.489 [Forwarding quit on session 8b6f7153-11bc-49ec-8186-3c710570bae6 to remote] DEBUG org.apache.http.wire - >> "Host: 127.0.0.1:7055[\r][\n]"
16:10:51.489 [Forwarding quit on session 8b6f7153-11bc-49ec-8186-3c710570bae6 to remote] DEBUG org.apache.http.wire - >> "Connection: Keep-Alive[\r][\n]"
16:10:51.490 [Forwarding quit on session 8b6f7153-11bc-49ec-8186-3c710570bae6 to remote] DEBUG org.apache.http.wire - >> "[\r][\n]"
16:10:51.490 [Forwarding quit on session 8b6f7153-11bc-49ec-8186-3c710570bae6 to remote] DEBUG org.apache.http.headers - >> DELETE /hub/session/8b6f7153-11bc-49ec-8186-3c710570bae6 HTTP/1.1
16:10:51.490 [Forwarding quit on session 8b6f7153-11bc-49ec-8186-3c710570bae6 to remote] DEBUG org.apache.http.headers - >> Accept: application/json, image/png
16:10:51.490 [Forwarding quit on session 8b6f7153-11bc-49ec-8186-3c710570bae6 to remote] DEBUG org.apache.http.headers - >> Host: 127.0.0.1:7055
16:10:51.490 [Forwarding quit on session 8b6f7153-11bc-49ec-8186-3c710570bae6 to remote] DEBUG org.apache.http.headers - >> Connection: Keep-Alive
16:10:51.499 [Forwarding quit on session 8b6f7153-11bc-49ec-8186-3c710570bae6 to remote] DEBUG org.apache.http.wire - << "HTTP/1.1 200 OK[\r][\n]"
16:10:51.500 [Forwarding quit on session 8b6f7153-11bc-49ec-8186-3c710570bae6 to remote] DEBUG org.apache.http.wire - << "content-type: application/json; charset=UTF-8[\r][\n]"
16:10:51.500 [Forwarding quit on session 8b6f7153-11bc-49ec-8186-3c710570bae6 to remote] DEBUG org.apache.http.wire - << "connection: close[\r][\n]"
16:10:51.500 [Forwarding quit on session 8b6f7153-11bc-49ec-8186-3c710570bae6 to remote] DEBUG org.apache.http.wire - << "content-length: 88[\r][\n]"
16:10:51.500 [Forwarding quit on session 8b6f7153-11bc-49ec-8186-3c710570bae6 to remote] DEBUG org.apache.http.wire - << "server: httpd.js[\r][\n]"
16:10:51.500 [Forwarding quit on session 8b6f7153-11bc-49ec-8186-3c710570bae6 to remote] DEBUG org.apache.http.wire - << "date: Tue, 22 Oct 2013 20:10:51 GMT[\r][\n]"
16:10:51.500 [Forwarding quit on session 8b6f7153-11bc-49ec-8186-3c710570bae6 to remote] DEBUG org.apache.http.wire - << "[\r][\n]"
16:10:51.500 [Forwarding quit on session 8b6f7153-11bc-49ec-8186-3c710570bae6 to remote] DEBUG o.a.h.i.conn.DefaultClientConnection - Receiving response: HTTP/1.1 200 OK
16:10:51.501 [Forwarding quit on session 8b6f7153-11bc-49ec-8186-3c710570bae6 to remote] DEBUG org.apache.http.headers - << HTTP/1.1 200 OK
16:10:51.501 [Forwarding quit on session 8b6f7153-11bc-49ec-8186-3c710570bae6 to remote] DEBUG org.apache.http.headers - << content-type: application/json; charset=UTF-8
16:10:51.501 [Forwarding quit on session 8b6f7153-11bc-49ec-8186-3c710570bae6 to remote] DEBUG org.apache.http.headers - << connection: close
16:10:51.501 [Forwarding quit on session 8b6f7153-11bc-49ec-8186-3c710570bae6 to remote] DEBUG org.apache.http.headers - << content-length: 88
16:10:51.501 [Forwarding quit on session 8b6f7153-11bc-49ec-8186-3c710570bae6 to remote] DEBUG org.apache.http.headers - << server: httpd.js
16:10:51.501 [Forwarding quit on session 8b6f7153-11bc-49ec-8186-3c710570bae6 to remote] DEBUG org.apache.http.headers - << date: Tue, 22 Oct 2013 20:10:51 GMT
16:10:51.502 [Forwarding quit on session 8b6f7153-11bc-49ec-8186-3c710570bae6 to remote] DEBUG org.apache.http.wire - << "{"name":"quit","sessionId":"8b6f7153-11bc-49ec-8186-3c710570bae6","status":0,"value":""}"
16:10:51.502 [Forwarding quit on session 8b6f7153-11bc-49ec-8186-3c710570bae6 to remote] DEBUG o.a.h.i.conn.DefaultClientConnection - Connection 0.0.0.0:55958<->127.0.0.1:7055 shut down
16:10:51.502 [Forwarding quit on session 8b6f7153-11bc-49ec-8186-3c710570bae6 to remote] DEBUG o.a.h.i.c.t.ThreadSafeClientConnManager - Released connection is not reusable.
16:10:51.502 [Forwarding quit on session 8b6f7153-11bc-49ec-8186-3c710570bae6 to remote] DEBUG o.a.h.i.conn.tsccm.ConnPoolByRoute - Releasing connection [{}->http://127.0.0.1:7055][null]
16:10:51.502 [Forwarding quit on session 8b6f7153-11bc-49ec-8186-3c710570bae6 to remote] DEBUG o.a.h.i.conn.DefaultClientConnection - Connection 0.0.0.0:55958<->127.0.0.1:7055 closed
16:10:51.502 [Forwarding quit on session 8b6f7153-11bc-49ec-8186-3c710570bae6 to remote] DEBUG o.a.h.i.conn.tsccm.ConnPoolByRoute - Notifying no-one, there are no waiting threads
16:10:51.503 [Forwarding quit on session 8b6f7153-11bc-49ec-8186-3c710570bae6 to remote] DEBUG o.o.selenium.remote.RemoteWebDriver - Executed: [8b6f7153-11bc-49ec-8186-3c710570bae6, quit {}]
16:10:51.780 [main] INFO  org.automatedtesting.suites.Profile - Test execution time: 53 secs
16:10:51.780 [main] INFO  o.a.controller.AllTestSuites - Profile	53 secs	PASS
<end of output>
Test time = 142.29 sec
----------------------------------------------------------
Test Passed.
"WEB_ATF_Test" end time: Oct 22 16:10 Eastern Daylight Time
"WEB_ATF_Test" time elapsed: 00:02:22
----------------------------------------------------------

End testing: Oct 22 16:10 Eastern Daylight Time
